18-03-23 19:41:54:auto reload enable
18-03-23 19:41:54:文件和目录数量10
18-03-23 19:41:54:监视 /vagrant/easyswoole/bin/../App
18-03-23 19:41:54:监视 /vagrant/easyswoole/bin/../App/HttpController
18-03-23 19:41:54:监视 /vagrant/easyswoole/bin/../App/HttpController/Router.php
18-03-23 19:41:54:监视 /vagrant/easyswoole/bin/../App/HttpController/Test2.php
18-03-23 19:41:54:监视 /vagrant/easyswoole/bin/../App/HttpController/Test3.php
18-03-23 19:41:54:监视 /vagrant/easyswoole/bin/../App/Process
18-03-23 19:41:54:监视 /vagrant/easyswoole/bin/../App/Process/Inotify.php
18-03-23 19:41:54:监视 /vagrant/easyswoole/bin/../App/Process/Test.php
18-03-23 19:41:54:监视 /vagrant/easyswoole/bin/../App/WebSocket
18-03-23 19:41:54:监视 /vagrant/easyswoole/bin/../App/WebSocket/Test.php
18-03-23 19:42:21:auto reload enable
18-03-23 19:42:21:文件和目录数量10
18-03-23 19:42:21:监视 /vagrant/easyswoole/bin/../App
18-03-23 19:42:21:监视 /vagrant/easyswoole/bin/../App/HttpController
18-03-23 19:42:21:监视 /vagrant/easyswoole/bin/../App/HttpController/Router.php
18-03-23 19:42:21:监视 /vagrant/easyswoole/bin/../App/HttpController/Test2.php
18-03-23 19:42:21:监视 /vagrant/easyswoole/bin/../App/HttpController/Test3.php
18-03-23 19:42:21:监视 /vagrant/easyswoole/bin/../App/Process
18-03-23 19:42:21:监视 /vagrant/easyswoole/bin/../App/Process/Inotify.php
18-03-23 19:42:21:监视 /vagrant/easyswoole/bin/../App/Process/Test.php
18-03-23 19:42:21:监视 /vagrant/easyswoole/bin/../App/WebSocket
18-03-23 19:42:21:监视 /vagrant/easyswoole/bin/../App/WebSocket/Test.php
18-03-23 19:43:36:auto reload enable
18-03-23 19:43:36:文件和目录数量10
18-03-23 19:43:36:监视 /vagrant/easyswoole/bin/../App
18-03-23 19:43:36:监视 /vagrant/easyswoole/bin/../App/HttpController
18-03-23 19:43:36:监视 /vagrant/easyswoole/bin/../App/HttpController/Router.php
18-03-23 19:43:36:监视 /vagrant/easyswoole/bin/../App/HttpController/Test2.php
18-03-23 19:43:36:监视 /vagrant/easyswoole/bin/../App/HttpController/Test3.php
18-03-23 19:43:36:监视 /vagrant/easyswoole/bin/../App/Process
18-03-23 19:43:36:监视 /vagrant/easyswoole/bin/../App/Process/Inotify.php
18-03-23 19:43:36:监视 /vagrant/easyswoole/bin/../App/Process/Test.php
18-03-23 19:43:36:监视 /vagrant/easyswoole/bin/../App/WebSocket
18-03-23 19:43:36:监视 /vagrant/easyswoole/bin/../App/WebSocket/Test.php
18-03-23 19:44:53:auto reload enable
18-03-23 19:44:53:文件和目录数量10
18-03-23 19:44:53:监视 /vagrant/easyswoole/bin/../App
18-03-23 19:44:53:监视 /vagrant/easyswoole/bin/../App/HttpController
18-03-23 19:44:53:监视 /vagrant/easyswoole/bin/../App/HttpController/Router.php
18-03-23 19:44:53:监视 /vagrant/easyswoole/bin/../App/HttpController/Test2.php
18-03-23 19:44:53:监视 /vagrant/easyswoole/bin/../App/HttpController/Test3.php
18-03-23 19:44:53:监视 /vagrant/easyswoole/bin/../App/Process
18-03-23 19:44:53:监视 /vagrant/easyswoole/bin/../App/Process/Inotify.php
18-03-23 19:44:53:监视 /vagrant/easyswoole/bin/../App/Process/Test.php
18-03-23 19:44:53:监视 /vagrant/easyswoole/bin/../App/WebSocket
18-03-23 19:44:53:监视 /vagrant/easyswoole/bin/../App/WebSocket/Test.php
18-03-23 19:47:20:auto reload enable
18-03-23 19:47:20:文件和目录数量10
18-03-23 19:47:20:监视 /vagrant/easyswoole/bin/../App
18-03-23 19:47:20:监视 /vagrant/easyswoole/bin/../App/HttpController
18-03-23 19:47:20:监视 /vagrant/easyswoole/bin/../App/HttpController/Router.php
18-03-23 19:47:20:监视 /vagrant/easyswoole/bin/../App/HttpController/Test2.php
18-03-23 19:47:20:监视 /vagrant/easyswoole/bin/../App/HttpController/Test3.php
18-03-23 19:47:20:监视 /vagrant/easyswoole/bin/../App/Process
18-03-23 19:47:20:监视 /vagrant/easyswoole/bin/../App/Process/Inotify.php
18-03-23 19:47:20:监视 /vagrant/easyswoole/bin/../App/Process/Test.php
18-03-23 19:47:20:监视 /vagrant/easyswoole/bin/../App/WebSocket
18-03-23 19:47:20:监视 /vagrant/easyswoole/bin/../App/WebSocket/Test.php
18-03-26 11:05:25:auto reload enable
18-03-26 11:05:26:文件和目录数量10
18-03-26 11:05:26:监视 /vagrant/easyswoole/bin/../App
18-03-26 11:05:26:监视 /vagrant/easyswoole/bin/../App/HttpController
18-03-26 11:05:26:监视 /vagrant/easyswoole/bin/../App/HttpController/Router.php
18-03-26 11:05:26:监视 /vagrant/easyswoole/bin/../App/HttpController/Test2.php
18-03-26 11:05:26:监视 /vagrant/easyswoole/bin/../App/HttpController/Test3.php
18-03-26 11:05:26:监视 /vagrant/easyswoole/bin/../App/Process
18-03-26 11:05:26:监视 /vagrant/easyswoole/bin/../App/Process/Inotify.php
18-03-26 11:05:26:监视 /vagrant/easyswoole/bin/../App/Process/Test.php
18-03-26 11:05:26:监视 /vagrant/easyswoole/bin/../App/WebSocket
18-03-26 11:05:26:监视 /vagrant/easyswoole/bin/../App/WebSocket/Test.php
18-03-26 11:22:47:auto reload enable
18-03-26 11:22:47:文件和目录数量10
18-03-26 11:22:47:监视 /vagrant/easyswoole/bin/../App
18-03-26 11:22:47:监视 /vagrant/easyswoole/bin/../App/HttpController
18-03-26 11:22:47:监视 /vagrant/easyswoole/bin/../App/HttpController/Router.php
18-03-26 11:22:47:监视 /vagrant/easyswoole/bin/../App/HttpController/Test2.php
18-03-26 11:22:47:监视 /vagrant/easyswoole/bin/../App/HttpController/Test3.php
18-03-26 11:22:47:监视 /vagrant/easyswoole/bin/../App/Process
18-03-26 11:22:47:监视 /vagrant/easyswoole/bin/../App/Process/Inotify.php
18-03-26 11:22:47:监视 /vagrant/easyswoole/bin/../App/Process/Test.php
18-03-26 11:22:47:监视 /vagrant/easyswoole/bin/../App/WebSocket
18-03-26 11:22:47:监视 /vagrant/easyswoole/bin/../App/WebSocket/Test.php
18-03-26 11:35:50:auto reload enable
18-03-26 11:35:50:文件和目录数量10
18-03-26 11:35:50:监视 /vagrant/easyswoole/bin/../App
18-03-26 11:35:50:监视 /vagrant/easyswoole/bin/../App/HttpController
18-03-26 11:35:50:监视 /vagrant/easyswoole/bin/../App/HttpController/Router.php
18-03-26 11:35:50:监视 /vagrant/easyswoole/bin/../App/HttpController/Test2.php
18-03-26 11:35:50:监视 /vagrant/easyswoole/bin/../App/HttpController/Test3.php
18-03-26 11:35:50:监视 /vagrant/easyswoole/bin/../App/Process
18-03-26 11:35:50:监视 /vagrant/easyswoole/bin/../App/Process/Inotify.php
18-03-26 11:35:50:监视 /vagrant/easyswoole/bin/../App/Process/Test.php
18-03-26 11:35:50:监视 /vagrant/easyswoole/bin/../App/WebSocket
18-03-26 11:35:50:监视 /vagrant/easyswoole/bin/../App/WebSocket/Test.php
18-03-26 11:36:09:[{"wd":2,"mask":256,"cookie":0,"name":".Test2.php.swp"}]
18-03-26 11:36:09:service is going to reload
18-03-26 11:36:09:[{"wd":2,"mask":256,"cookie":0,"name":".Test2.php.swx"},{"wd":2,"mask":512,"cookie":0,"name":".Test2.php.swx"},{"wd":2,"mask":512,"cookie":0,"name":".Test2.php.swp"}]
18-03-26 11:36:10:service is going to reload
18-03-26 11:36:10:[{"wd":2,"mask":256,"cookie":0,"name":".Test2.php.swp"},{"wd":2,"mask":2,"cookie":0,"name":".Test2.php.swp"}]
18-03-26 11:36:10:service is going to reload
18-03-26 11:36:18:[{"wd":2,"mask":2,"cookie":0,"name":".Test2.php.swp"}]
18-03-26 11:36:18:service is going to reload
18-03-26 11:36:20:[{"wd":2,"mask":256,"cookie":0,"name":"4913"}]
18-03-26 11:36:20:service is going to reload
18-03-26 11:36:20:[{"wd":2,"mask":512,"cookie":0,"name":"4913"}]
18-03-26 11:36:20:service is going to reload
18-03-26 11:36:20:[{"wd":2,"mask":256,"cookie":0,"name":"Test2.php"},{"wd":2,"mask":2,"cookie":0,"name":"Test2.php"},{"wd":2,"mask":2,"cookie":0,"name":".Test2.php.swp"}]
18-03-26 11:36:20:service is going to reload
18-03-26 11:36:20:[{"wd":2,"mask":512,"cookie":0,"name":"Test2.php~"},{"wd":2,"mask":512,"cookie":0,"name":".Test2.php.swp"}]
18-03-26 11:36:20:service is going to reload
18-03-26 11:36:57:[{"wd":2,"mask":256,"cookie":0,"name":".Test2.php.swp"}]
18-03-26 11:36:57:service is going to reload
18-03-26 11:36:57:[{"wd":2,"mask":256,"cookie":0,"name":".Test2.php.swx"},{"wd":2,"mask":512,"cookie":0,"name":".Test2.php.swx"},{"wd":2,"mask":512,"cookie":0,"name":".Test2.php.swp"}]
18-03-26 11:36:57:service is going to reload
18-03-26 11:36:57:[{"wd":2,"mask":256,"cookie":0,"name":".Test2.php.swp"},{"wd":2,"mask":2,"cookie":0,"name":".Test2.php.swp"}]
18-03-26 11:36:57:service is going to reload
18-03-26 11:37:03:[{"wd":2,"mask":512,"cookie":0,"name":".Test2.php.swp"}]
18-03-26 11:37:03:service is going to reload
18-03-26 11:43:12:loggedr
18-03-26 11:43:14:loggedr
18-03-26 11:43:16:loggedr
18-03-26 11:43:18:loggedr
18-03-26 11:43:20:loggedr
18-03-26 11:43:22:loggedr
18-03-26 11:43:24:loggedr
18-03-26 11:43:26:loggedr
18-03-26 11:43:28:loggedr
18-03-26 11:43:30:loggedr
18-03-26 11:43:32:loggedr
18-03-26 11:43:34:loggedr
18-03-26 11:43:36:loggedr
18-03-26 11:43:38:loggedr
18-03-26 11:43:40:loggedr
18-03-26 11:43:42:loggedr
18-03-26 11:43:44:loggedr
18-03-26 11:43:46:loggedr
18-03-26 11:43:48:loggedr
18-03-26 11:43:50:loggedr
18-03-26 11:43:52:loggedr
18-03-26 11:43:54:loggedr
18-03-26 11:43:56:loggedr
18-03-26 11:43:58:loggedr
18-03-26 11:44:00:loggedr
18-03-26 11:44:02:loggedr
18-03-26 11:44:04:loggedr
18-03-26 11:44:06:loggedr
18-03-26 11:44:08:loggedr
18-03-26 11:44:10:loggedr
18-03-26 11:44:12:loggedr
18-03-26 11:44:14:loggedr
18-03-26 11:44:16:loggedr
18-03-26 11:44:18:loggedr
18-03-26 11:44:20:loggedr
18-03-26 11:44:22:loggedr
18-03-26 11:44:24:loggedr
18-03-26 11:44:26:loggedr
18-03-26 11:44:28:loggedr
18-03-26 11:44:30:loggedr
18-03-26 11:44:32:loggedr
18-03-26 11:44:34:loggedr
18-03-26 11:44:36:loggedr
18-03-26 11:44:38:loggedr
18-03-26 11:44:40:loggedr
18-03-26 11:44:42:loggedr
18-03-26 11:44:44:loggedr
18-03-26 11:44:46:loggedr
18-03-26 11:44:48:loggedr
18-03-26 11:44:50:loggedr
18-03-26 11:44:52:loggedr
18-03-26 11:44:54:loggedr
18-03-26 11:44:56:loggedr
18-03-26 11:44:58:loggedr
18-03-26 11:45:00:loggedr
18-03-26 11:45:02:loggedr
18-03-26 11:45:04:loggedr
18-03-26 11:45:06:loggedr
18-03-26 11:45:08:loggedr
18-03-26 11:45:10:loggedr
18-03-26 11:45:12:loggedr
18-03-26 11:45:14:loggedr
18-03-26 11:45:16:loggedr
18-03-26 11:45:18:loggedr
18-03-26 11:45:20:loggedr
18-03-26 11:45:22:loggedr
18-03-26 11:45:24:loggedr
18-03-26 11:45:26:loggedr
18-03-26 11:45:28:loggedr
18-03-26 11:45:30:loggedr
18-03-26 11:45:32:loggedr
18-03-26 11:45:34:loggedr
18-03-26 11:45:36:loggedr
18-03-26 11:45:38:loggedr
18-03-26 11:45:40:loggedr
18-03-26 11:45:42:loggedr
18-03-26 11:45:44:loggedr
18-03-26 11:45:46:loggedr
18-03-26 11:45:48:loggedr
18-03-26 11:45:50:loggedr
18-03-26 11:45:52:loggedr
18-03-26 11:45:54:loggedr
18-03-26 11:45:56:loggedr
18-03-26 11:45:58:loggedr
18-03-26 11:46:00:loggedr
18-03-26 11:46:02:loggedr
18-03-26 11:46:04:loggedr
18-03-26 11:46:06:loggedr
18-03-26 11:46:08:loggedr
18-03-26 11:46:10:loggedr
18-03-26 11:46:12:loggedr
18-03-26 11:46:14:loggedr
18-03-26 11:46:16:loggedr
18-03-26 11:46:18:loggedr
18-03-26 11:46:20:loggedr
18-03-26 11:46:22:loggedr
18-03-26 11:46:24:loggedr
18-03-26 11:46:26:loggedr
18-03-26 11:46:28:loggedr
18-03-26 11:46:30:loggedr
18-03-26 11:46:32:loggedr
18-03-26 11:46:34:loggedr
18-03-26 11:46:36:loggedr
18-03-26 11:46:38:loggedr
18-03-26 11:46:40:loggedr
18-03-26 11:46:42:loggedr
18-03-26 11:46:44:loggedr
18-03-26 11:46:46:loggedr
18-03-26 11:46:48:loggedr
18-03-26 11:46:50:loggedr
18-03-26 11:46:52:loggedr
18-03-26 11:46:54:loggedr
18-03-26 11:46:56:loggedr
18-03-26 11:46:58:loggedr
18-03-26 11:47:00:loggedr
18-03-26 11:47:02:loggedr
18-03-26 11:47:04:loggedr
18-03-26 11:47:06:loggedr
18-03-26 11:47:08:loggedr
18-03-26 11:47:10:loggedr
18-03-26 11:47:12:loggedr
18-03-26 11:47:14:loggedr
18-03-26 11:47:16:loggedr
18-03-26 11:47:18:loggedr
18-03-26 11:47:20:loggedr
18-03-26 11:47:22:loggedr
18-03-26 11:47:24:loggedr
18-03-26 11:47:26:loggedr
18-03-26 11:47:28:loggedr
18-03-26 11:47:30:loggedr
18-03-26 11:47:32:loggedr
18-03-26 11:47:34:loggedr
18-03-26 11:47:36:loggedr
18-03-26 11:47:38:loggedr
18-03-26 11:47:40:loggedr
18-03-26 11:47:42:loggedr
18-03-26 11:47:44:loggedr
18-03-26 11:47:46:loggedr
18-03-26 11:47:48:loggedr
18-03-26 11:47:50:loggedr
18-03-26 11:47:52:loggedr
18-03-26 11:47:54:loggedr
18-03-26 11:47:56:loggedr
18-03-26 11:47:58:loggedr
18-03-26 11:48:00:loggedr
18-03-26 11:48:02:loggedr
18-03-26 11:48:04:loggedr
18-03-26 11:48:06:loggedr
18-03-26 11:48:08:loggedr
18-03-26 11:48:10:loggedr
18-03-26 11:48:12:loggedr
18-03-26 11:48:14:loggedr
18-03-26 11:48:16:loggedr
18-03-26 11:48:18:loggedr
18-03-26 11:48:20:loggedr
18-03-26 11:48:22:loggedr
18-03-26 11:48:24:loggedr
18-03-26 11:48:26:loggedr
18-03-26 11:48:28:loggedr
18-03-26 11:48:30:loggedr
18-03-26 11:48:32:loggedr
18-03-26 11:48:34:loggedr
18-03-26 11:48:36:loggedr
18-03-26 11:48:38:loggedr
18-03-26 11:48:40:loggedr
18-03-26 11:48:42:loggedr
18-03-26 11:48:44:loggedr
18-03-26 11:48:46:loggedr
18-03-26 11:48:48:loggedr
18-03-26 11:48:50:loggedr
18-03-26 11:48:52:loggedr
18-03-26 11:48:54:loggedr
18-03-26 11:48:56:loggedr
18-03-26 11:48:58:loggedr
18-03-26 11:49:00:loggedr
18-03-26 11:49:02:loggedr
18-03-26 11:49:04:loggedr
18-03-26 11:49:06:loggedr
18-03-26 11:49:08:loggedr
18-03-26 11:49:10:loggedr
18-03-26 11:49:12:loggedr
18-03-26 11:49:14:loggedr
18-03-26 11:49:16:loggedr
18-03-26 11:49:18:loggedr
18-03-26 11:49:20:loggedr
18-03-26 11:49:22:loggedr
18-03-26 11:49:24:loggedr
18-03-26 11:49:26:loggedr
18-03-26 11:49:28:loggedr
18-03-26 11:49:30:loggedr
18-03-26 11:49:32:loggedr
18-03-26 11:49:34:loggedr
18-03-26 11:49:36:loggedr
18-03-26 11:49:38:loggedr
18-03-26 11:49:40:loggedr
18-03-26 11:49:42:loggedr
18-03-26 11:49:44:loggedr
18-03-26 11:49:46:loggedr
18-03-26 11:49:48:loggedr
18-03-26 11:49:50:loggedr
18-03-26 11:49:52:loggedr
18-03-26 11:49:54:loggedr
18-03-26 11:49:56:loggedr
18-03-26 11:49:58:loggedr
18-03-26 11:50:00:loggedr
18-03-26 11:50:02:loggedr
18-03-26 11:50:04:loggedr
18-03-26 11:50:06:loggedr
18-03-26 11:50:08:loggedr
18-03-26 11:50:10:loggedr
18-03-26 11:50:12:loggedr
18-03-26 11:50:14:loggedr
18-03-26 11:50:16:loggedr
18-03-26 11:50:18:loggedr
18-03-26 11:50:20:loggedr
18-03-26 11:50:22:loggedr
18-03-26 11:50:24:loggedr
18-03-26 11:50:26:loggedr
18-03-26 11:50:28:loggedr
18-03-26 11:50:30:loggedr
18-03-26 11:50:32:loggedr
18-03-26 11:50:34:loggedr
18-03-26 11:50:36:loggedr
18-03-26 11:50:38:loggedr
18-03-26 11:50:40:loggedr
18-03-26 11:50:42:loggedr
18-03-26 11:50:44:loggedr
18-03-26 11:50:46:loggedr
18-03-26 11:50:48:loggedr
18-03-26 11:50:50:loggedr
18-03-26 11:50:52:loggedr
18-03-26 11:50:54:loggedr
18-03-26 11:50:56:loggedr
18-03-26 11:50:58:loggedr
18-03-26 11:51:00:loggedr
18-03-26 11:51:02:loggedr
18-03-26 11:51:04:loggedr
18-03-26 11:51:06:loggedr
18-03-26 11:51:08:loggedr
18-03-26 11:51:10:loggedr
18-03-26 11:51:12:loggedr
18-03-26 11:51:14:loggedr
18-03-26 11:51:16:loggedr
18-03-26 11:51:18:loggedr
18-03-26 11:51:20:loggedr
18-03-26 11:51:22:loggedr
18-03-26 11:51:24:loggedr
18-03-26 11:51:26:loggedr
18-03-26 11:51:28:loggedr
18-03-26 11:51:30:loggedr
18-03-26 11:51:32:loggedr
18-03-26 11:51:34:loggedr
18-03-26 11:51:36:loggedr
18-03-26 11:51:38:loggedr
18-03-26 11:51:40:loggedr
18-03-26 11:51:42:loggedr
18-03-26 11:51:44:loggedr
18-03-26 11:51:46:loggedr
18-03-26 11:51:48:loggedr
18-03-26 11:51:50:loggedr
18-03-26 11:51:52:loggedr
18-03-26 11:51:54:loggedr
18-03-26 11:51:56:loggedr
18-03-26 11:51:58:loggedr
18-03-26 11:52:00:loggedr
18-03-26 11:52:02:loggedr
18-03-26 11:52:04:loggedr
18-03-26 11:52:06:loggedr
18-03-26 11:52:08:loggedr
18-03-26 11:52:10:loggedr
18-03-26 11:52:12:loggedr
18-03-26 11:52:14:loggedr
18-03-26 11:52:16:loggedr
18-03-26 11:52:18:loggedr
18-03-26 11:52:20:loggedr
18-03-26 11:52:22:loggedr
18-03-26 11:52:24:loggedr
18-03-26 11:52:26:loggedr
18-03-26 11:52:28:loggedr
18-03-26 11:52:30:loggedr
18-03-26 11:52:32:loggedr
18-03-26 11:52:34:loggedr
18-03-26 11:52:36:loggedr
18-03-26 11:52:38:loggedr
18-03-26 11:52:40:loggedr
18-03-26 11:52:42:loggedr
18-03-26 11:52:44:loggedr
18-03-26 11:52:46:loggedr
18-03-26 11:52:48:loggedr
18-03-26 11:52:50:loggedr
18-03-26 11:52:52:loggedr
18-03-26 11:52:54:loggedr
18-03-26 11:52:56:loggedr
18-03-26 11:52:58:loggedr
18-03-26 11:53:00:loggedr
18-03-26 11:53:02:loggedr
18-03-26 11:53:04:loggedr
18-03-26 11:53:06:loggedr
18-03-26 11:53:08:loggedr
18-03-26 11:53:10:loggedr
18-03-26 11:53:12:loggedr
18-03-26 11:53:14:loggedr
18-03-26 11:53:16:loggedr
18-03-26 11:53:18:loggedr
18-03-26 11:53:20:loggedr
18-03-26 11:53:22:loggedr
18-03-26 11:53:24:loggedr
18-03-26 11:53:26:loggedr
18-03-26 11:53:28:loggedr
18-03-26 11:53:30:loggedr
18-03-26 11:53:32:loggedr
18-03-26 11:53:34:loggedr
18-03-26 11:53:36:loggedr
18-03-26 11:53:38:loggedr
18-03-26 11:53:40:loggedr
18-03-26 11:53:42:loggedr
18-03-26 11:53:44:loggedr
18-03-26 11:53:46:loggedr
18-03-26 11:53:48:loggedr
18-03-26 11:53:50:loggedr
18-03-26 11:53:52:loggedr
18-03-26 11:53:54:loggedr
18-03-26 11:53:56:loggedr
18-03-26 11:53:58:loggedr
18-03-26 11:54:00:loggedr
18-03-26 11:54:02:loggedr
18-03-26 11:54:04:loggedr
18-03-26 11:54:06:loggedr
18-03-26 11:54:08:loggedr
18-03-26 11:54:10:loggedr
18-03-26 11:54:12:loggedr
18-03-26 11:54:14:loggedr
18-03-26 11:54:16:loggedr
18-03-26 11:54:18:loggedr
18-03-26 11:54:20:loggedr
18-03-26 11:54:22:loggedr
18-03-26 11:54:24:loggedr
18-03-26 11:54:26:loggedr
18-03-26 11:54:28:loggedr
18-03-26 11:54:30:loggedr
18-03-26 11:54:32:loggedr
18-03-26 11:54:34:loggedr
18-03-26 11:54:36:loggedr
18-03-26 11:54:38:loggedr
18-03-26 11:54:40:loggedr
18-03-26 11:54:42:loggedr
18-03-26 11:54:44:loggedr
18-03-26 11:54:46:loggedr
18-03-26 11:54:48:loggedr
18-03-26 11:54:50:loggedr
18-03-26 11:54:52:loggedr
18-03-26 11:54:54:loggedr
18-03-26 11:54:56:loggedr
18-03-26 11:54:58:loggedr
18-03-26 11:55:00:loggedr
18-03-26 11:55:02:loggedr
18-03-26 11:55:04:loggedr
18-03-26 11:55:06:loggedr
18-03-26 11:55:08:loggedr
18-03-26 11:55:10:loggedr
18-03-26 11:55:12:loggedr
18-03-26 11:55:14:loggedr
18-03-26 11:55:16:loggedr
18-03-26 11:55:18:loggedr
18-03-26 11:55:20:loggedr
18-03-26 11:55:22:loggedr
18-03-26 11:55:24:loggedr
18-03-26 11:55:26:loggedr
18-03-26 11:55:28:loggedr
18-03-26 11:55:30:loggedr
18-03-26 11:55:32:loggedr
18-03-26 11:55:34:loggedr
18-03-26 11:55:36:loggedr
18-03-26 11:55:38:loggedr
18-03-26 11:55:40:loggedr
18-03-26 11:55:42:loggedr
18-03-26 11:55:44:loggedr
18-03-26 11:55:46:loggedr
18-03-26 11:55:48:loggedr
18-03-26 11:55:50:loggedr
18-03-26 11:55:52:loggedr
18-03-26 11:55:54:loggedr
18-03-26 11:55:56:loggedr
18-03-26 11:55:58:loggedr
18-03-26 11:56:00:loggedr
18-03-26 11:56:02:loggedr
18-03-26 11:56:04:loggedr
18-03-26 11:56:06:loggedr
18-03-26 11:56:08:loggedr
18-03-26 11:56:10:loggedr
18-03-26 11:56:12:loggedr
18-03-26 11:56:14:loggedr
18-03-26 11:56:16:loggedr
18-03-26 11:56:18:loggedr
18-03-26 11:56:20:loggedr
18-03-26 11:56:22:loggedr
18-03-26 11:56:24:loggedr
18-03-26 11:56:26:loggedr
18-03-26 11:56:28:loggedr
18-03-26 11:56:30:loggedr
18-03-26 11:56:32:loggedr
18-03-26 11:56:34:loggedr
18-03-26 11:56:36:loggedr
18-03-26 11:56:38:loggedr
18-03-26 11:56:40:loggedr
18-03-26 11:56:42:loggedr
18-03-26 11:56:44:loggedr
18-03-26 11:56:46:loggedr
18-03-26 11:56:48:loggedr
18-03-26 11:56:50:loggedr
18-03-26 11:56:52:loggedr
18-03-26 11:56:54:loggedr
18-03-26 11:56:56:loggedr
18-03-26 11:56:58:loggedr
18-03-26 11:57:00:loggedr
18-03-26 11:57:02:loggedr
18-03-26 11:57:04:loggedr
18-03-26 11:57:06:loggedr
18-03-26 11:57:08:loggedr
18-03-26 11:57:10:loggedr
18-03-26 11:57:12:loggedr
18-03-26 11:57:14:loggedr
18-03-26 11:57:16:loggedr
18-03-26 11:57:18:loggedr
18-03-26 11:57:20:loggedr
18-03-26 11:57:22:loggedr
18-03-26 11:57:24:loggedr
18-03-26 11:57:26:loggedr
18-03-26 11:57:28:loggedr
18-03-26 11:57:30:loggedr
18-03-26 11:57:32:loggedr
18-03-26 11:57:34:loggedr
18-03-26 11:57:36:loggedr
18-03-26 11:57:38:loggedr
18-03-26 11:57:40:loggedr
18-03-26 11:57:42:loggedr
18-03-26 11:57:44:loggedr
18-03-26 11:57:46:loggedr
18-03-26 11:57:48:loggedr
18-03-26 11:57:50:loggedr
18-03-26 11:57:52:loggedr
18-03-26 11:57:54:loggedr
18-03-26 11:57:56:loggedr
18-03-26 11:57:58:loggedr
18-03-26 11:58:00:loggedr
18-03-26 11:58:02:loggedr
18-03-26 11:58:04:loggedr
18-03-26 11:58:06:loggedr
18-03-26 11:58:08:loggedr
18-03-26 11:58:10:loggedr
18-03-26 11:58:12:loggedr
18-03-26 11:58:14:loggedr
18-03-26 11:58:16:loggedr
18-03-26 11:58:18:loggedr
18-03-26 11:58:20:loggedr
18-03-26 11:58:22:loggedr
18-03-26 11:58:24:loggedr
18-03-26 11:58:26:loggedr
18-03-26 11:58:28:loggedr
18-03-26 11:58:30:loggedr
18-03-26 11:58:32:loggedr
18-03-26 11:58:34:loggedr
18-03-26 11:58:36:loggedr
18-03-26 11:58:38:loggedr
18-03-26 11:58:40:loggedr
18-03-26 11:58:42:loggedr
18-03-26 11:58:44:loggedr
18-03-26 11:58:46:loggedr
18-03-26 11:58:48:loggedr
18-03-26 11:58:50:loggedr
18-03-26 11:58:52:loggedr
18-03-26 11:58:54:loggedr
18-03-26 11:58:56:loggedr
18-03-26 11:58:58:loggedr
18-03-26 11:59:00:loggedr
18-03-26 11:59:02:loggedr
18-03-26 11:59:04:loggedr
18-03-26 11:59:06:loggedr
18-03-26 11:59:08:loggedr
18-03-26 11:59:10:loggedr
18-03-26 11:59:12:loggedr
18-03-26 11:59:14:loggedr
18-03-26 11:59:16:loggedr
18-03-26 11:59:18:loggedr
18-03-26 11:59:20:loggedr
18-03-26 11:59:22:loggedr
18-03-26 11:59:24:loggedr
18-03-26 11:59:26:loggedr
18-03-26 11:59:28:loggedr
18-03-26 11:59:30:loggedr
18-03-26 11:59:32:loggedr
18-03-26 11:59:34:loggedr
18-03-26 11:59:36:loggedr
18-03-26 11:59:38:loggedr
18-03-26 11:59:40:loggedr
18-03-26 11:59:42:loggedr
18-03-26 11:59:44:loggedr
18-03-26 11:59:46:loggedr
18-03-26 11:59:48:loggedr
18-03-26 11:59:50:loggedr
18-03-26 11:59:52:loggedr
18-03-26 11:59:54:loggedr
18-03-26 11:59:56:loggedr
18-03-26 11:59:58:loggedr
18-03-26 12:00:00:loggedr
18-03-26 12:00:02:loggedr
18-03-26 12:00:04:loggedr
18-03-26 12:00:06:loggedr
18-03-26 12:00:08:loggedr
18-03-26 12:00:10:loggedr
18-03-26 12:00:12:loggedr
18-03-26 12:00:14:loggedr
18-03-26 12:00:16:loggedr
18-03-26 12:00:18:loggedr
18-03-26 12:00:20:loggedr
18-03-26 12:00:22:loggedr
18-03-26 12:00:24:loggedr
18-03-26 12:00:26:loggedr
18-03-26 12:00:28:loggedr
18-03-26 12:00:30:loggedr
18-03-26 12:00:32:loggedr
18-03-26 12:00:34:loggedr
18-03-26 12:00:36:loggedr
18-03-26 12:00:38:loggedr
18-03-26 12:00:40:loggedr
18-03-26 12:00:42:loggedr
18-03-26 12:00:44:loggedr
18-03-26 12:00:46:loggedr
18-03-26 12:00:48:loggedr
18-03-26 12:00:50:loggedr
18-03-26 12:00:52:loggedr
18-03-26 12:00:54:loggedr
18-03-26 12:00:56:loggedr
18-03-26 12:00:58:loggedr
18-03-26 12:01:00:loggedr
18-03-26 12:01:02:loggedr
18-03-26 12:01:04:loggedr
18-03-26 12:01:06:loggedr
18-03-26 12:01:08:loggedr
18-03-26 12:01:10:loggedr
18-03-26 12:01:12:loggedr
18-03-26 12:01:14:loggedr
18-03-26 12:01:16:loggedr
18-03-26 12:01:18:loggedr
18-03-26 12:01:20:loggedr
18-03-26 12:01:22:loggedr
18-03-26 12:01:24:loggedr
18-03-26 12:01:26:loggedr
18-03-26 12:01:28:loggedr
18-03-26 12:01:30:loggedr
18-03-26 12:01:32:loggedr
18-03-26 12:01:34:loggedr
18-03-26 12:01:36:loggedr
18-03-26 12:01:38:loggedr
18-03-26 12:01:40:loggedr
18-03-26 12:01:42:loggedr
18-03-26 12:01:44:loggedr
18-03-26 12:01:46:loggedr
18-03-26 12:01:48:loggedr
18-03-26 12:01:50:loggedr
18-03-26 12:01:52:loggedr
18-03-26 12:01:54:loggedr
18-03-26 12:01:56:loggedr
18-03-26 12:01:58:loggedr
18-03-26 12:02:00:loggedr
18-03-26 12:02:02:loggedr
18-03-26 12:02:04:loggedr
18-03-26 12:02:06:loggedr
18-03-26 12:02:08:loggedr
18-03-26 12:02:10:loggedr
18-03-26 12:02:12:loggedr
18-03-26 12:02:14:loggedr
18-03-26 12:02:16:loggedr
18-03-26 12:02:18:loggedr
18-03-26 12:02:20:loggedr
18-03-26 12:02:22:loggedr
18-03-26 12:02:24:loggedr
18-03-26 12:02:26:loggedr
18-03-26 12:02:28:loggedr
18-03-26 12:02:30:loggedr
18-03-26 12:02:32:loggedr
18-03-26 12:02:34:loggedr
18-03-26 12:02:36:loggedr
18-03-26 12:02:38:loggedr
18-03-26 12:02:40:loggedr
18-03-26 12:02:42:loggedr
18-03-26 12:02:44:loggedr
18-03-26 12:02:46:loggedr
18-03-26 12:02:48:loggedr
18-03-26 12:02:50:loggedr
18-03-26 12:02:52:loggedr
18-03-26 12:02:54:loggedr
18-03-26 12:02:56:loggedr
18-03-26 12:02:58:loggedr
18-03-26 12:03:00:loggedr
18-03-26 12:03:02:loggedr
18-03-26 12:03:04:loggedr
18-03-26 12:03:06:loggedr
18-03-26 12:03:08:loggedr
18-03-26 12:03:10:loggedr
18-03-26 12:03:12:loggedr
18-03-26 12:03:14:loggedr
18-03-26 12:03:16:loggedr
18-03-26 12:03:18:loggedr
18-03-26 12:03:20:loggedr
18-03-26 12:03:22:loggedr
18-03-26 12:03:24:loggedr
18-03-26 12:03:26:loggedr
18-03-26 12:03:28:loggedr
18-03-26 12:03:30:loggedr
18-03-26 12:03:32:loggedr
18-03-26 12:03:34:loggedr
18-03-26 12:03:36:loggedr
18-03-26 12:03:38:loggedr
18-03-26 12:03:40:loggedr
18-03-26 12:03:42:loggedr
18-03-26 12:03:44:loggedr
18-03-26 12:03:46:loggedr
18-03-26 12:03:48:loggedr
18-03-26 12:03:50:loggedr
18-03-26 12:03:52:loggedr
18-03-26 12:03:54:loggedr
18-03-26 12:03:56:loggedr
18-03-26 12:03:58:loggedr
18-03-26 12:04:00:loggedr
18-03-26 12:04:02:loggedr
18-03-26 12:04:04:loggedr
18-03-26 12:04:06:loggedr
18-03-26 12:04:08:loggedr
18-03-26 12:04:10:loggedr
18-03-26 12:04:12:loggedr
18-03-26 12:04:14:loggedr
18-03-26 12:04:16:loggedr
18-03-26 12:04:18:loggedr
18-03-26 12:04:20:loggedr
18-03-26 12:04:22:loggedr
18-03-26 12:04:24:loggedr
18-03-26 12:04:26:loggedr
18-03-26 12:04:28:loggedr
18-03-26 12:04:30:loggedr
18-03-26 12:04:32:loggedr
18-03-26 12:04:34:loggedr
18-03-26 12:04:36:loggedr
18-03-26 12:04:38:loggedr
18-03-26 12:04:40:loggedr
18-03-26 12:04:42:loggedr
18-03-26 12:04:44:loggedr
18-03-26 12:04:46:loggedr
18-03-26 12:04:48:loggedr
18-03-26 12:04:50:loggedr
18-03-26 12:04:52:loggedr
18-03-26 12:04:54:loggedr
18-03-26 12:04:56:loggedr
18-03-26 12:04:58:loggedr
18-03-26 12:05:00:loggedr
18-03-26 12:05:02:loggedr
18-03-26 12:05:04:loggedr
18-03-26 12:05:06:loggedr
18-03-26 12:05:08:loggedr
18-03-26 12:05:10:loggedr
18-03-26 12:05:12:loggedr
18-03-26 12:05:14:loggedr
18-03-26 12:05:16:loggedr
18-03-26 12:05:18:loggedr
18-03-26 12:05:20:loggedr
18-03-26 12:05:22:loggedr
18-03-26 12:05:24:loggedr
18-03-26 12:05:26:loggedr
18-03-26 12:05:28:loggedr
18-03-26 12:05:30:loggedr
18-03-26 12:05:32:loggedr
18-03-26 12:05:34:loggedr
18-03-26 12:05:36:loggedr
18-03-26 12:05:38:loggedr
18-03-26 12:05:40:loggedr
18-03-26 12:05:42:loggedr
18-03-26 12:05:44:loggedr
18-03-26 12:05:46:loggedr
18-03-26 12:05:48:loggedr
18-03-26 12:05:50:loggedr
18-03-26 12:05:52:loggedr
18-03-26 12:05:54:loggedr
18-03-26 12:05:56:loggedr
18-03-26 12:05:58:loggedr
18-03-26 12:06:00:loggedr
18-03-26 12:06:02:loggedr
18-03-26 12:06:04:loggedr
18-03-26 12:06:06:loggedr
18-03-26 12:06:08:loggedr
18-03-26 12:06:10:loggedr
18-03-26 12:06:12:loggedr
18-03-26 12:06:14:loggedr
18-03-26 12:06:16:loggedr
18-03-26 12:06:18:loggedr
18-03-26 12:06:20:loggedr
18-03-26 12:06:22:loggedr
18-03-26 12:06:24:loggedr
18-03-26 12:06:26:loggedr
18-03-26 12:06:28:loggedr
18-03-26 12:06:30:loggedr
18-03-26 12:06:32:loggedr
18-03-26 12:06:34:loggedr
18-03-26 12:06:36:loggedr
18-03-26 12:06:38:loggedr
18-03-26 12:06:40:loggedr
18-03-26 12:06:42:loggedr
18-03-26 12:06:44:loggedr
18-03-26 12:06:46:loggedr
18-03-26 12:06:48:loggedr
18-03-26 12:06:50:loggedr
18-03-26 12:06:52:loggedr
18-03-26 12:06:54:loggedr
18-03-26 12:06:56:loggedr
18-03-26 12:06:58:loggedr
18-03-26 12:07:00:loggedr
18-03-26 12:07:02:loggedr
18-03-26 12:07:04:loggedr
18-03-26 12:07:06:loggedr
18-03-26 12:07:08:loggedr
18-03-26 12:07:10:loggedr
18-03-26 12:07:12:loggedr
18-03-26 12:07:14:loggedr
18-03-26 12:07:16:loggedr
18-03-26 12:07:18:loggedr
18-03-26 12:07:20:loggedr
18-03-26 12:07:22:loggedr
18-03-26 12:07:24:loggedr
18-03-26 12:07:26:loggedr
18-03-26 12:07:28:loggedr
18-03-26 12:07:30:loggedr
18-03-26 12:07:32:loggedr
18-03-26 12:07:34:loggedr
18-03-26 12:07:36:loggedr
18-03-26 12:07:38:loggedr
18-03-26 12:07:40:loggedr
18-03-26 12:07:42:loggedr
18-03-26 12:07:44:loggedr
18-03-26 12:07:46:loggedr
18-03-26 12:07:48:loggedr
18-03-26 12:07:50:loggedr
18-03-26 12:07:52:loggedr
18-03-26 12:07:54:loggedr
18-03-26 12:07:56:loggedr
18-03-26 12:07:58:loggedr
18-03-26 12:08:00:loggedr
18-03-26 12:08:02:loggedr
18-03-26 12:08:04:loggedr
18-03-26 12:08:06:loggedr
18-03-26 12:08:08:loggedr
18-03-26 12:08:10:loggedr
18-03-26 12:08:12:loggedr
18-03-26 12:08:14:loggedr
18-03-26 12:08:16:loggedr
18-03-26 12:08:18:loggedr
18-03-26 12:08:20:loggedr
18-03-26 12:08:22:loggedr
18-03-26 12:08:24:loggedr
18-03-26 12:08:26:loggedr
18-03-26 12:08:28:loggedr
18-03-26 12:08:30:loggedr
18-03-26 12:08:32:loggedr
18-03-26 12:08:34:loggedr
18-03-26 12:08:36:loggedr
18-03-26 12:08:38:loggedr
18-03-26 12:08:40:loggedr
18-03-26 12:08:42:loggedr
18-03-26 12:08:44:loggedr
18-03-26 12:08:46:loggedr
18-03-26 12:08:48:loggedr
18-03-26 12:08:50:loggedr
18-03-26 12:08:52:loggedr
18-03-26 12:08:54:loggedr
18-03-26 12:08:56:loggedr
18-03-26 12:08:58:loggedr
18-03-26 12:09:00:loggedr
18-03-26 12:09:02:loggedr
18-03-26 12:09:04:loggedr
18-03-26 12:09:06:loggedr
18-03-26 12:09:08:loggedr
18-03-26 12:09:10:loggedr
18-03-26 12:09:12:loggedr
18-03-26 12:09:14:loggedr
18-03-26 12:09:16:loggedr
18-03-26 12:09:18:loggedr
18-03-26 12:09:20:loggedr
18-03-26 12:09:22:loggedr
18-03-26 12:09:24:loggedr
18-03-26 12:09:26:loggedr
18-03-26 12:09:28:loggedr
18-03-26 12:09:30:loggedr
18-03-26 12:09:32:loggedr
18-03-26 12:09:34:loggedr
18-03-26 12:09:36:loggedr
18-03-26 12:09:38:loggedr
18-03-26 12:09:40:loggedr
18-03-26 12:09:42:loggedr
18-03-26 12:09:44:loggedr
18-03-26 12:09:46:loggedr
18-03-26 12:09:48:loggedr
18-03-26 12:09:50:loggedr
18-03-26 12:09:52:loggedr
18-03-26 12:09:54:loggedr
18-03-26 12:09:56:loggedr
18-03-26 12:09:58:loggedr
18-03-26 12:10:00:loggedr
18-03-26 12:10:02:loggedr
18-03-26 12:10:04:loggedr
18-03-26 12:10:06:loggedr
18-03-26 12:10:08:loggedr
18-03-26 12:10:10:loggedr
18-03-26 12:10:12:loggedr
18-03-26 12:10:14:loggedr
18-03-26 12:10:16:loggedr
18-03-26 12:10:18:loggedr
18-03-26 12:10:20:loggedr
18-03-26 12:10:22:loggedr
18-03-26 12:10:24:loggedr
18-03-26 12:10:26:loggedr
18-03-26 12:10:28:loggedr
18-03-26 12:10:30:loggedr
18-03-26 12:10:32:loggedr
18-03-26 12:10:34:loggedr
18-03-26 12:10:36:loggedr
18-03-26 12:10:38:loggedr
18-03-26 12:10:40:loggedr
18-03-26 12:10:42:loggedr
18-03-26 12:10:44:loggedr
18-03-26 12:10:46:loggedr
18-03-26 12:10:48:loggedr
18-03-26 12:10:50:loggedr
18-03-26 12:10:52:loggedr
18-03-26 12:10:54:loggedr
18-03-26 12:10:56:loggedr
18-03-26 12:10:58:loggedr
18-03-26 12:11:00:loggedr
18-03-26 12:11:02:loggedr
18-03-26 12:11:04:loggedr
18-03-26 12:11:06:loggedr
18-03-26 12:11:08:loggedr
18-03-26 12:11:10:loggedr
18-03-26 12:11:12:loggedr
18-03-26 12:11:14:loggedr
18-03-26 12:11:16:loggedr
18-03-26 12:11:18:loggedr
18-03-26 12:11:20:loggedr
18-03-26 12:11:22:loggedr
18-03-26 12:11:24:loggedr
18-03-26 12:11:26:loggedr
18-03-26 12:11:28:loggedr
18-03-26 12:11:30:loggedr
18-03-26 12:11:32:loggedr
18-03-26 12:11:34:loggedr
18-03-26 12:11:36:loggedr
18-03-26 12:11:38:loggedr
18-03-26 12:11:40:loggedr
18-03-26 12:11:42:loggedr
18-03-26 12:11:44:loggedr
18-03-26 12:11:46:loggedr
18-03-26 12:11:48:loggedr
18-03-26 12:11:50:loggedr
18-03-26 12:11:52:loggedr
18-03-26 12:11:54:loggedr
18-03-26 12:11:56:loggedr
18-03-26 12:11:58:loggedr
18-03-26 12:12:00:loggedr
18-03-26 12:12:02:loggedr
18-03-26 12:12:04:loggedr
18-03-26 12:12:06:loggedr
18-03-26 12:12:08:loggedr
18-03-26 12:12:10:loggedr
18-03-26 12:12:12:loggedr
18-03-26 12:12:14:loggedr
18-03-26 12:12:16:loggedr
18-03-26 12:12:18:loggedr
18-03-26 12:12:20:loggedr
18-03-26 12:12:22:loggedr
18-03-26 12:12:24:loggedr
18-03-26 12:12:26:loggedr
18-03-26 12:12:28:loggedr
18-03-26 12:12:30:loggedr
18-03-26 12:12:32:loggedr
18-03-26 12:12:34:loggedr
18-03-26 12:12:36:loggedr
18-03-26 12:12:38:loggedr
18-03-26 12:12:40:loggedr
18-03-26 12:12:42:loggedr
18-03-26 12:12:44:loggedr
18-03-26 12:12:46:loggedr
18-03-26 12:12:48:loggedr
18-03-26 12:12:50:loggedr
18-03-26 12:12:52:loggedr
18-03-26 12:12:54:loggedr
18-03-26 12:12:56:loggedr
18-03-26 12:12:58:loggedr
18-03-26 12:13:00:loggedr
18-03-26 12:13:02:loggedr
18-03-26 12:13:04:loggedr
18-03-26 12:13:06:loggedr
18-03-26 12:13:08:loggedr
18-03-26 12:13:10:loggedr
18-03-26 12:13:12:loggedr
18-03-26 12:13:14:loggedr
18-03-26 12:13:16:loggedr
18-03-26 12:13:18:loggedr
18-03-26 12:13:20:loggedr
18-03-26 12:13:22:loggedr
18-03-26 12:13:24:loggedr
18-03-26 12:13:26:loggedr
18-03-26 12:13:28:loggedr
18-03-26 12:13:30:loggedr
18-03-26 12:13:32:loggedr
18-03-26 12:13:34:loggedr
18-03-26 12:13:36:loggedr
18-03-26 12:13:38:loggedr
18-03-26 12:13:40:loggedr
18-03-26 12:13:42:loggedr
18-03-26 12:13:44:loggedr
18-03-26 12:13:46:loggedr
18-03-26 12:13:48:loggedr
18-03-26 12:13:50:loggedr
18-03-26 12:13:52:loggedr
18-03-26 12:13:54:loggedr
18-03-26 12:13:56:loggedr
18-03-26 12:13:58:loggedr
18-03-26 12:14:00:loggedr
18-03-26 12:14:02:loggedr
18-03-26 12:14:04:loggedr
18-03-26 12:14:06:loggedr
18-03-26 12:14:08:loggedr
18-03-26 12:14:10:loggedr
18-03-26 12:14:12:loggedr
18-03-26 12:14:14:loggedr
18-03-26 12:14:16:loggedr
18-03-26 12:14:18:loggedr
18-03-26 12:14:20:loggedr
18-03-26 12:14:22:loggedr
18-03-26 12:14:24:loggedr
18-03-26 12:14:26:loggedr
18-03-26 12:14:28:loggedr
18-03-26 12:14:30:loggedr
18-03-26 12:14:32:loggedr
18-03-26 12:14:34:loggedr
18-03-26 12:14:36:loggedr
18-03-26 12:14:38:loggedr
18-03-26 12:14:40:loggedr
18-03-26 12:14:42:loggedr
18-03-26 12:14:44:loggedr
18-03-26 12:14:46:loggedr
18-03-26 12:14:48:loggedr
18-03-26 12:14:50:loggedr
18-03-26 12:14:52:loggedr
18-03-26 12:14:54:loggedr
18-03-26 12:14:56:loggedr
18-03-26 12:14:58:loggedr
18-03-26 12:15:00:loggedr
18-03-26 12:15:02:loggedr
18-03-26 12:15:04:loggedr
18-03-26 12:15:06:loggedr
18-03-26 12:15:08:loggedr
18-03-26 12:15:10:loggedr
18-03-26 12:15:12:loggedr
18-03-26 12:15:14:loggedr
18-03-26 12:15:16:loggedr
18-03-26 12:15:18:loggedr
18-03-26 12:15:20:loggedr
18-03-26 12:15:22:loggedr
18-03-26 12:15:24:loggedr
18-03-26 12:15:26:loggedr
18-03-26 12:15:28:loggedr
18-03-26 12:15:30:loggedr
18-03-26 12:15:32:loggedr
18-03-26 12:15:34:loggedr
18-03-26 12:15:36:loggedr
18-03-26 12:15:38:loggedr
18-03-26 12:15:40:loggedr
18-03-26 12:15:42:loggedr
18-03-26 12:15:44:loggedr
18-03-26 12:15:46:loggedr
18-03-26 12:15:48:loggedr
18-03-26 12:15:50:loggedr
18-03-26 12:15:52:loggedr
18-03-26 12:15:54:loggedr
18-03-26 12:15:56:loggedr
18-03-26 12:15:58:loggedr
18-03-26 12:16:00:loggedr
18-03-26 12:16:02:loggedr
18-03-26 12:16:04:loggedr
18-03-26 12:16:06:loggedr
18-03-26 12:16:08:loggedr
18-03-26 12:16:10:loggedr
18-03-26 12:16:12:loggedr
18-03-26 12:16:14:loggedr
18-03-26 12:16:16:loggedr
18-03-26 12:16:18:loggedr
18-03-26 12:16:20:loggedr
18-03-26 12:16:22:loggedr
18-03-26 12:16:24:loggedr
18-03-26 12:16:26:loggedr
18-03-26 12:16:28:loggedr
18-03-26 12:16:30:loggedr
18-03-26 12:16:32:loggedr
18-03-26 12:16:34:loggedr
18-03-26 12:16:36:loggedr
18-03-26 12:16:38:loggedr
18-03-26 12:16:40:loggedr
18-03-26 12:16:42:loggedr
18-03-26 12:16:44:loggedr
18-03-26 12:16:46:loggedr
18-03-26 12:16:48:loggedr
18-03-26 12:16:50:loggedr
18-03-26 12:16:52:loggedr
18-03-26 12:16:54:loggedr
18-03-26 12:16:56:loggedr
18-03-26 12:16:58:loggedr
18-03-26 12:17:00:loggedr
18-03-26 12:17:02:loggedr
18-03-26 12:17:04:loggedr
18-03-26 12:17:06:loggedr
18-03-26 12:17:08:loggedr
18-03-26 12:17:10:loggedr
18-03-26 12:17:12:loggedr
18-03-26 12:17:14:loggedr
18-03-26 12:17:16:loggedr
18-03-26 12:17:18:loggedr
18-03-26 12:17:20:loggedr
18-03-26 12:17:22:loggedr
18-03-26 12:17:24:loggedr
18-03-26 12:17:26:loggedr
18-03-26 12:17:28:loggedr
18-03-26 12:17:30:loggedr
18-03-26 12:17:32:loggedr
18-03-26 12:17:34:loggedr
18-03-26 12:17:36:loggedr
18-03-26 12:17:38:loggedr
18-03-26 12:17:40:loggedr
18-03-26 12:17:42:loggedr
18-03-26 12:17:44:loggedr
18-03-26 12:17:46:loggedr
18-03-26 12:17:48:loggedr
18-03-26 12:17:50:loggedr
18-03-26 12:17:52:loggedr
18-03-26 12:17:54:loggedr
18-03-26 12:17:56:loggedr
18-03-26 12:17:58:loggedr
18-03-26 12:18:00:loggedr
18-03-26 12:18:02:loggedr
18-03-26 12:18:04:loggedr
18-03-26 12:18:06:loggedr
18-03-26 12:18:08:loggedr
18-03-26 12:18:10:loggedr
18-03-26 12:18:12:loggedr
18-03-26 12:18:14:loggedr
18-03-26 12:18:16:loggedr
18-03-26 12:18:18:loggedr
18-03-26 12:18:20:loggedr
18-03-26 12:18:22:loggedr
18-03-26 12:18:24:loggedr
18-03-26 12:18:26:loggedr
18-03-26 12:18:28:loggedr
18-03-26 12:18:30:loggedr
18-03-26 12:18:32:loggedr
18-03-26 12:18:34:loggedr
18-03-26 12:18:36:loggedr
18-03-26 12:18:38:loggedr
18-03-26 12:18:40:loggedr
18-03-26 12:18:42:loggedr
18-03-26 12:18:44:loggedr
18-03-26 12:18:46:loggedr
18-03-26 12:18:48:loggedr
18-03-26 12:18:50:loggedr
18-03-26 12:18:52:loggedr
18-03-26 12:18:54:loggedr
18-03-26 12:18:56:loggedr
18-03-26 12:18:58:loggedr
18-03-26 12:19:00:loggedr
18-03-26 12:19:02:loggedr
18-03-26 12:19:04:loggedr
18-03-26 12:19:06:loggedr
18-03-26 12:19:08:loggedr
18-03-26 12:19:10:loggedr
18-03-26 12:19:12:loggedr
18-03-26 12:19:14:loggedr
18-03-26 12:19:16:loggedr
18-03-26 12:19:18:loggedr
18-03-26 12:19:20:loggedr
18-03-26 12:19:22:loggedr
18-03-26 12:19:24:loggedr
18-03-26 12:19:26:loggedr
18-03-26 12:19:28:loggedr
18-03-26 12:19:30:loggedr
18-03-26 12:19:32:loggedr
18-03-26 12:19:34:loggedr
18-03-26 12:19:36:loggedr
18-03-26 12:19:38:loggedr
18-03-26 12:19:40:loggedr
18-03-26 12:19:42:loggedr
18-03-26 12:19:44:loggedr
18-03-26 12:19:46:loggedr
18-03-26 12:19:48:loggedr
18-03-26 12:19:50:loggedr
18-03-26 12:19:52:loggedr
18-03-26 12:19:54:loggedr
18-03-26 12:19:56:loggedr
18-03-26 12:19:58:loggedr
18-03-26 12:20:00:loggedr
18-03-26 12:20:02:loggedr
18-03-26 12:20:04:loggedr
18-03-26 12:20:06:loggedr
18-03-26 12:20:08:loggedr
18-03-26 12:20:10:loggedr
18-03-26 12:20:12:loggedr
18-03-26 12:20:14:loggedr
18-03-26 12:20:16:loggedr
18-03-26 12:20:18:loggedr
18-03-26 12:20:20:loggedr
18-03-26 12:20:22:loggedr
18-03-26 12:20:24:loggedr
18-03-26 12:20:26:loggedr
18-03-26 12:20:28:loggedr
18-03-26 12:20:30:loggedr
18-03-26 12:20:32:loggedr
18-03-26 12:20:34:loggedr
18-03-26 12:20:36:loggedr
18-03-26 12:20:38:loggedr
18-03-26 12:20:40:loggedr
18-03-26 12:20:42:loggedr
18-03-26 12:20:44:loggedr
18-03-26 12:20:46:loggedr
18-03-26 12:20:48:loggedr
18-03-26 12:20:50:loggedr
18-03-26 12:20:52:loggedr
18-03-26 12:20:54:loggedr
18-03-26 12:20:56:loggedr
18-03-26 12:20:58:loggedr
18-03-26 12:21:00:loggedr
18-03-26 12:21:02:loggedr
18-03-26 12:21:04:loggedr
18-03-26 12:21:06:loggedr
18-03-26 12:21:08:loggedr
18-03-26 12:21:10:loggedr
18-03-26 12:21:12:loggedr
18-03-26 12:21:14:loggedr
18-03-26 12:21:16:loggedr
18-03-26 12:21:18:loggedr
18-03-26 12:21:20:loggedr
18-03-26 12:21:22:loggedr
18-03-26 12:21:24:loggedr
18-03-26 12:21:26:loggedr
18-03-26 12:21:28:loggedr
18-03-26 12:21:30:loggedr
18-03-26 12:21:32:loggedr
18-03-26 12:21:34:loggedr
18-03-26 12:21:36:loggedr
18-03-26 12:21:38:loggedr
18-03-26 12:21:40:loggedr
18-03-26 12:21:42:loggedr
18-03-26 12:21:44:loggedr
18-03-26 12:21:46:loggedr
18-03-26 12:21:48:loggedr
18-03-26 12:21:50:loggedr
18-03-26 12:21:52:loggedr
18-03-26 12:21:54:loggedr
18-03-26 12:21:56:loggedr
18-03-26 12:21:58:loggedr
18-03-26 12:22:00:loggedr
18-03-26 12:22:02:loggedr
18-03-26 12:22:04:loggedr
18-03-26 12:22:06:loggedr
18-03-26 12:22:08:loggedr
18-03-26 12:22:10:loggedr
18-03-26 12:22:12:loggedr
18-03-26 12:22:14:loggedr
18-03-26 12:22:16:loggedr
18-03-26 12:22:18:loggedr
18-03-26 12:22:20:loggedr
18-03-26 12:22:22:loggedr
18-03-26 12:22:24:loggedr
18-03-26 12:22:26:loggedr
18-03-26 12:22:28:loggedr
18-03-26 12:22:30:loggedr
18-03-26 12:22:32:loggedr
18-03-26 12:22:34:loggedr
18-03-26 12:22:36:loggedr
18-03-26 12:22:38:loggedr
18-03-26 12:22:40:loggedr
18-03-26 12:22:42:loggedr
18-03-26 12:22:44:loggedr
18-03-26 12:22:46:loggedr
18-03-26 12:22:48:loggedr
18-03-26 12:22:50:loggedr
18-03-26 12:22:52:loggedr
18-03-26 12:22:54:loggedr
18-03-26 12:22:56:loggedr
18-03-26 12:22:58:loggedr
18-03-26 12:23:00:loggedr
18-03-26 12:23:02:loggedr
18-03-26 12:23:04:loggedr
18-03-26 12:23:06:loggedr
18-03-26 12:23:08:loggedr
18-03-26 12:23:10:loggedr
18-03-26 12:23:12:loggedr
18-03-26 12:23:14:loggedr
18-03-26 12:23:16:loggedr
18-03-26 12:23:18:loggedr
18-03-26 12:23:20:loggedr
18-03-26 12:23:22:loggedr
18-03-26 12:23:24:loggedr
18-03-26 12:23:26:loggedr
18-03-26 12:23:28:loggedr
18-03-26 12:23:30:loggedr
18-03-26 12:23:32:loggedr
18-03-26 12:23:34:loggedr
18-03-26 12:23:36:loggedr
18-03-26 12:23:38:loggedr
18-03-26 12:23:40:loggedr
18-03-26 12:23:42:loggedr
18-03-26 12:23:44:loggedr
18-03-26 12:23:46:loggedr
18-03-26 12:23:48:loggedr
18-03-26 12:23:50:loggedr
18-03-26 12:23:52:loggedr
18-03-26 12:23:54:loggedr
18-03-26 12:23:56:loggedr
18-03-26 12:23:58:loggedr
18-03-26 12:24:00:loggedr
18-03-26 12:24:02:loggedr
18-03-26 12:24:04:loggedr
18-03-26 12:24:06:loggedr
18-03-26 12:24:08:loggedr
18-03-26 12:24:10:loggedr
18-03-26 12:24:12:loggedr
18-03-26 12:24:14:loggedr
18-03-26 12:24:16:loggedr
18-03-26 12:24:18:loggedr
18-03-26 12:24:20:loggedr
18-03-26 12:24:22:loggedr
18-03-26 12:24:24:loggedr
18-03-26 12:24:26:loggedr
18-03-26 12:24:28:loggedr
18-03-26 12:24:30:loggedr
18-03-26 12:24:32:loggedr
18-03-26 12:24:34:loggedr
18-03-26 12:24:36:loggedr
18-03-26 12:24:38:loggedr
18-03-26 12:24:40:loggedr
18-03-26 12:24:42:loggedr
18-03-26 12:24:44:loggedr
18-03-26 12:24:46:loggedr
18-03-26 12:24:48:loggedr
18-03-26 12:24:50:loggedr
18-03-26 12:24:52:loggedr
18-03-26 12:24:54:loggedr
18-03-26 12:24:56:loggedr
18-03-26 12:24:58:loggedr
18-03-26 12:25:00:loggedr
18-03-26 12:25:02:loggedr
18-03-26 12:25:04:loggedr
18-03-26 12:25:06:loggedr
18-03-26 12:25:08:loggedr
18-03-26 12:25:10:loggedr
18-03-26 12:25:12:loggedr
18-03-26 12:25:14:loggedr
18-03-26 12:25:16:loggedr
18-03-26 12:25:18:loggedr
18-03-26 12:25:20:loggedr
18-03-26 12:25:22:loggedr
18-03-26 12:25:24:loggedr
18-03-26 12:25:26:loggedr
18-03-26 12:25:28:loggedr
18-03-26 12:25:30:loggedr
18-03-26 12:25:32:loggedr
18-03-26 12:25:34:loggedr
18-03-26 12:25:36:loggedr
18-03-26 12:25:38:loggedr
18-03-26 12:25:40:loggedr
18-03-26 12:25:42:loggedr
18-03-26 12:25:44:loggedr
18-03-26 12:25:46:loggedr
18-03-26 12:25:48:loggedr
18-03-26 12:25:50:loggedr
18-03-26 12:25:52:loggedr
18-03-26 12:25:54:loggedr
18-03-26 12:25:56:loggedr
18-03-26 12:25:58:loggedr
18-03-26 12:26:00:loggedr
18-03-26 12:26:02:loggedr
18-03-26 12:26:04:loggedr
18-03-26 12:26:06:loggedr
18-03-26 12:26:08:loggedr
18-03-26 12:26:10:loggedr
18-03-26 12:26:12:loggedr
18-03-26 12:26:14:loggedr
18-03-26 12:26:16:loggedr
18-03-26 12:26:18:loggedr
18-03-26 12:26:20:loggedr
18-03-26 12:26:22:loggedr
18-03-26 12:26:24:loggedr
18-03-26 12:26:26:loggedr
18-03-26 12:26:28:loggedr
18-03-26 12:26:30:loggedr
18-03-26 12:26:32:loggedr
18-03-26 12:26:34:loggedr
18-03-26 12:26:36:loggedr
18-03-26 12:26:38:loggedr
18-03-26 12:26:40:loggedr
18-03-26 12:26:42:loggedr
18-03-26 12:26:44:loggedr
18-03-26 12:26:46:loggedr
18-03-26 12:26:48:loggedr
18-03-26 12:26:50:loggedr
18-03-26 12:26:52:loggedr
18-03-26 12:26:54:loggedr
18-03-26 12:26:56:loggedr
18-03-26 12:26:58:loggedr
18-03-26 12:27:00:loggedr
18-03-26 12:27:02:loggedr
18-03-26 12:27:04:loggedr
18-03-26 12:27:06:loggedr
18-03-26 12:27:08:loggedr
18-03-26 12:27:10:loggedr
18-03-26 12:27:12:loggedr
18-03-26 12:27:14:loggedr
18-03-26 12:27:16:loggedr
18-03-26 12:27:18:loggedr
18-03-26 12:27:20:loggedr
18-03-26 12:27:22:loggedr
18-03-26 12:27:24:loggedr
18-03-26 12:27:26:loggedr
18-03-26 12:27:28:loggedr
18-03-26 12:27:30:loggedr
18-03-26 12:27:32:loggedr
18-03-26 12:27:34:loggedr
18-03-26 12:27:36:loggedr
18-03-26 12:27:38:loggedr
18-03-26 12:27:40:loggedr
18-03-26 12:27:42:loggedr
18-03-26 12:27:44:loggedr
18-03-26 12:27:46:loggedr
18-03-26 12:27:48:loggedr
18-03-26 12:27:50:loggedr
18-03-26 12:27:52:loggedr
18-03-26 12:27:54:loggedr
18-03-26 12:27:56:loggedr
18-03-26 12:27:58:loggedr
18-03-26 12:28:00:loggedr
18-03-26 12:28:02:loggedr
18-03-26 12:28:04:loggedr
18-03-26 12:28:06:loggedr
18-03-26 12:28:08:loggedr
18-03-26 12:28:10:loggedr
18-03-26 12:28:12:loggedr
18-03-26 12:28:14:loggedr
18-03-26 12:28:16:loggedr
18-03-26 12:28:18:loggedr
18-03-26 12:28:20:loggedr
18-03-26 12:28:22:loggedr
18-03-26 12:28:24:loggedr
18-03-26 12:28:26:loggedr
18-03-26 12:28:28:loggedr
18-03-26 12:28:30:loggedr
18-03-26 12:28:32:loggedr
18-03-26 12:28:34:loggedr
18-03-26 12:28:36:loggedr
18-03-26 12:28:38:loggedr
18-03-26 12:28:40:loggedr
18-03-26 12:28:42:loggedr
18-03-26 12:28:44:loggedr
18-03-26 12:28:46:loggedr
18-03-26 12:28:48:loggedr
18-03-26 12:28:50:loggedr
18-03-26 12:28:52:loggedr
18-03-26 12:28:54:loggedr
18-03-26 12:28:56:loggedr
18-03-26 12:28:58:loggedr
18-03-26 12:29:00:loggedr
18-03-26 12:29:02:loggedr
18-03-26 12:29:04:loggedr
18-03-26 12:29:06:loggedr
18-03-26 12:29:08:loggedr
18-03-26 12:29:10:loggedr
18-03-26 12:29:12:loggedr
18-03-26 12:29:14:loggedr
18-03-26 12:29:16:loggedr
18-03-26 12:29:18:loggedr
18-03-26 12:29:20:loggedr
18-03-26 12:29:22:loggedr
18-03-26 12:29:24:loggedr
18-03-26 12:29:26:loggedr
18-03-26 12:29:28:loggedr
18-03-26 12:29:30:loggedr
18-03-26 12:29:32:loggedr
18-03-26 12:29:34:loggedr
18-03-26 12:29:36:loggedr
18-03-26 12:29:38:loggedr
18-03-26 12:29:40:loggedr
18-03-26 12:29:42:loggedr
18-03-26 12:29:44:loggedr
18-03-26 12:29:46:loggedr
18-03-26 12:29:48:loggedr
18-03-26 12:29:50:loggedr
18-03-26 12:29:52:loggedr
18-03-26 12:29:54:loggedr
18-03-26 12:29:56:loggedr
18-03-26 12:29:58:loggedr
18-03-26 12:30:00:loggedr
18-03-26 12:30:02:loggedr
18-03-26 12:30:04:loggedr
18-03-26 12:30:06:loggedr
18-03-26 12:30:08:loggedr
18-03-26 12:30:10:loggedr
18-03-26 12:30:12:loggedr
18-03-26 12:30:14:loggedr
18-03-26 12:30:16:loggedr
18-03-26 12:30:18:loggedr
18-03-26 12:30:20:loggedr
18-03-26 12:30:22:loggedr
18-03-26 12:30:24:loggedr
18-03-26 12:30:26:loggedr
18-03-26 12:30:28:loggedr
18-03-26 12:30:30:loggedr
18-03-26 12:30:32:loggedr
18-03-26 12:30:34:loggedr
18-03-26 12:30:36:loggedr
18-03-26 12:30:38:loggedr
18-03-26 12:30:40:loggedr
18-03-26 12:30:42:loggedr
18-03-26 12:30:44:loggedr
18-03-26 12:30:46:loggedr
18-03-26 12:30:48:loggedr
18-03-26 12:30:50:loggedr
18-03-26 12:30:52:loggedr
18-03-26 12:30:54:loggedr
18-03-26 12:30:56:loggedr
18-03-26 12:30:58:loggedr
18-03-26 12:31:00:loggedr
18-03-26 12:31:02:loggedr
18-03-26 12:31:04:loggedr
18-03-26 12:31:06:loggedr
18-03-26 12:31:08:loggedr
18-03-26 12:31:10:loggedr
18-03-26 12:31:12:loggedr
18-03-26 12:31:14:loggedr
18-03-26 12:31:16:loggedr
18-03-26 12:31:18:loggedr
18-03-26 12:31:20:loggedr
18-03-26 12:31:22:loggedr
18-03-26 12:31:24:loggedr
18-03-26 12:31:26:loggedr
18-03-26 12:31:28:loggedr
18-03-26 12:31:30:loggedr
18-03-26 12:31:32:loggedr
18-03-26 12:31:34:loggedr
18-03-26 12:31:36:loggedr
18-03-26 12:31:38:loggedr
18-03-26 12:31:40:loggedr
18-03-26 12:31:42:loggedr
18-03-26 12:31:44:loggedr
18-03-26 12:31:46:loggedr
18-03-26 12:31:48:loggedr
18-03-26 12:31:50:loggedr
18-03-26 12:31:52:loggedr
18-03-26 12:31:54:loggedr
18-03-26 12:31:56:loggedr
18-03-26 12:31:58:loggedr
18-03-26 12:32:00:loggedr
18-03-26 12:32:02:loggedr
18-03-26 12:32:04:loggedr
18-03-26 12:32:06:loggedr
18-03-26 12:32:08:loggedr
18-03-26 12:32:10:loggedr
18-03-26 12:32:12:loggedr
18-03-26 12:32:14:loggedr
18-03-26 12:32:16:loggedr
18-03-26 12:32:18:loggedr
18-03-26 12:32:20:loggedr
18-03-26 12:32:22:loggedr
18-03-26 12:32:24:loggedr
18-03-26 12:32:26:loggedr
18-03-26 12:32:28:loggedr
18-03-26 12:32:30:loggedr
18-03-26 12:32:32:loggedr
18-03-26 12:32:34:loggedr
18-03-26 12:32:36:loggedr
18-03-26 12:32:38:loggedr
18-03-26 12:32:40:loggedr
18-03-26 12:32:42:loggedr
18-03-26 12:32:44:loggedr
18-03-26 12:32:46:loggedr
18-03-26 12:32:48:loggedr
18-03-26 12:32:50:loggedr
18-03-26 12:32:52:loggedr
18-03-26 12:32:54:loggedr
18-03-26 12:32:56:loggedr
18-03-26 12:32:58:loggedr
18-03-26 12:33:00:loggedr
18-03-26 12:33:02:loggedr
18-03-26 12:33:04:loggedr
18-03-26 12:33:06:loggedr
18-03-26 12:33:08:loggedr
18-03-26 12:33:10:loggedr
18-03-26 12:33:12:loggedr
18-03-26 12:33:14:loggedr
18-03-26 12:33:16:loggedr
18-03-26 12:33:18:loggedr
18-03-26 12:33:20:loggedr
18-03-26 12:33:22:loggedr
18-03-26 12:33:24:loggedr
18-03-26 12:33:26:loggedr
18-03-26 12:33:28:loggedr
18-03-26 12:33:30:loggedr
18-03-26 12:33:32:loggedr
18-03-26 12:33:34:loggedr
18-03-26 12:33:36:loggedr
18-03-26 12:33:38:loggedr
18-03-26 12:33:40:loggedr
18-03-26 12:33:42:loggedr
18-03-26 12:33:44:loggedr
18-03-26 12:33:46:loggedr
18-03-26 12:33:48:loggedr
18-03-26 12:33:50:loggedr
18-03-26 12:33:52:loggedr
18-03-26 12:33:54:loggedr
18-03-26 12:33:56:loggedr
18-03-26 12:33:58:loggedr
18-03-26 12:34:00:loggedr
18-03-26 12:34:02:loggedr
18-03-26 12:34:04:loggedr
18-03-26 12:34:06:loggedr
18-03-26 12:34:08:loggedr
18-03-26 12:34:10:loggedr
18-03-26 12:34:12:loggedr
18-03-26 12:34:14:loggedr
18-03-26 12:34:16:loggedr
18-03-26 12:34:18:loggedr
18-03-26 12:34:20:loggedr
18-03-26 12:34:22:loggedr
18-03-26 12:34:24:loggedr
18-03-26 12:34:26:loggedr
18-03-26 12:34:28:loggedr
18-03-26 12:34:30:loggedr
18-03-26 12:34:32:loggedr
18-03-26 12:34:34:loggedr
18-03-26 12:34:36:loggedr
18-03-26 12:34:38:loggedr
18-03-26 12:34:40:loggedr
18-03-26 12:34:42:loggedr
18-03-26 12:34:44:loggedr
18-03-26 12:34:46:loggedr
18-03-26 12:34:48:loggedr
18-03-26 12:34:50:loggedr
18-03-26 12:34:52:loggedr
18-03-26 12:34:54:loggedr
18-03-26 12:34:56:loggedr
18-03-26 12:34:58:loggedr
18-03-26 12:35:00:loggedr
18-03-26 12:35:02:loggedr
18-03-26 12:35:04:loggedr
18-03-26 12:35:06:loggedr
18-03-26 12:35:08:loggedr
18-03-26 12:35:10:loggedr
18-03-26 12:35:12:loggedr
18-03-26 12:35:14:loggedr
18-03-26 12:35:16:loggedr
18-03-26 12:35:18:loggedr
18-03-26 12:35:20:loggedr
18-03-26 12:35:22:loggedr
18-03-26 12:35:24:loggedr
18-03-26 12:35:26:loggedr
18-03-26 12:35:28:loggedr
18-03-26 12:35:30:loggedr
18-03-26 12:35:32:loggedr
18-03-26 12:35:34:loggedr
18-03-26 12:35:36:loggedr
18-03-26 12:35:38:loggedr
18-03-26 12:35:40:loggedr
18-03-26 12:35:42:loggedr
18-03-26 12:35:44:loggedr
18-03-26 12:35:46:loggedr
18-03-26 12:35:48:loggedr
18-03-26 12:35:50:loggedr
18-03-26 12:35:52:loggedr
18-03-26 12:35:54:loggedr
18-03-26 12:35:56:loggedr
18-03-26 12:35:58:loggedr
18-03-26 12:36:00:loggedr
18-03-26 12:36:02:loggedr
18-03-26 12:36:04:loggedr
18-03-26 12:36:06:loggedr
18-03-26 12:36:08:loggedr
18-03-26 12:36:10:loggedr
18-03-26 12:36:12:loggedr
18-03-26 12:36:14:loggedr
18-03-26 12:36:16:loggedr
18-03-26 12:36:18:loggedr
18-03-26 12:36:20:loggedr
18-03-26 12:36:22:loggedr
18-03-26 12:36:24:loggedr
18-03-26 12:36:26:loggedr
18-03-26 12:36:28:loggedr
18-03-26 12:36:30:loggedr
18-03-26 12:36:32:loggedr
18-03-26 12:36:34:loggedr
18-03-26 12:36:36:loggedr
18-03-26 12:36:38:loggedr
18-03-26 12:36:40:loggedr
18-03-26 12:36:42:loggedr
18-03-26 12:36:44:loggedr
18-03-26 12:36:46:loggedr
18-03-26 12:36:48:loggedr
18-03-26 12:36:50:loggedr
18-03-26 12:36:52:loggedr
18-03-26 12:36:54:loggedr
18-03-26 12:36:56:loggedr
18-03-26 12:36:58:loggedr
18-03-26 12:37:00:loggedr
18-03-26 12:37:02:loggedr
18-03-26 12:37:04:loggedr
18-03-26 12:37:06:loggedr
18-03-26 12:37:08:loggedr
18-03-26 12:37:10:loggedr
18-03-26 12:37:12:loggedr
18-03-26 12:37:14:loggedr
18-03-26 12:37:16:loggedr
18-03-26 12:37:18:loggedr
18-03-26 12:37:20:loggedr
18-03-26 12:37:22:loggedr
18-03-26 12:37:24:loggedr
18-03-26 12:37:26:loggedr
18-03-26 12:37:28:loggedr
18-03-26 12:37:30:loggedr
18-03-26 12:37:32:loggedr
18-03-26 12:37:34:loggedr
18-03-26 12:37:36:loggedr
18-03-26 12:37:38:loggedr
18-03-26 12:37:40:loggedr
18-03-26 12:37:42:loggedr
18-03-26 12:37:44:loggedr
18-03-26 12:37:46:loggedr
18-03-26 12:37:48:loggedr
18-03-26 12:37:50:loggedr
18-03-26 12:37:52:loggedr
18-03-26 12:37:54:loggedr
18-03-26 12:37:56:loggedr
18-03-26 12:37:58:loggedr
18-03-26 12:38:00:loggedr
18-03-26 12:38:02:loggedr
18-03-26 12:38:04:loggedr
18-03-26 12:38:06:loggedr
18-03-26 12:38:08:loggedr
18-03-26 12:38:10:loggedr
18-03-26 12:38:12:loggedr
18-03-26 12:38:14:loggedr
18-03-26 12:38:16:loggedr
18-03-26 12:38:18:loggedr
18-03-26 12:38:20:loggedr
18-03-26 12:38:22:loggedr
18-03-26 12:38:24:loggedr
18-03-26 12:38:26:loggedr
18-03-26 12:38:28:loggedr
18-03-26 12:38:30:loggedr
18-03-26 12:38:32:loggedr
18-03-26 12:38:34:loggedr
18-03-26 12:38:36:loggedr
18-03-26 12:38:38:loggedr
18-03-26 12:38:40:loggedr
18-03-26 12:38:42:loggedr
18-03-26 12:38:44:loggedr
18-03-26 12:38:46:loggedr
18-03-26 12:38:48:loggedr
18-03-26 12:38:50:loggedr
18-03-26 12:38:52:loggedr
18-03-26 12:38:54:loggedr
18-03-26 12:38:56:loggedr
18-03-26 12:38:58:loggedr
18-03-26 12:39:00:loggedr
18-03-26 12:39:02:loggedr
18-03-26 12:39:04:loggedr
18-03-26 12:39:06:loggedr
18-03-26 12:39:08:loggedr
18-03-26 12:39:10:loggedr
18-03-26 12:39:12:loggedr
18-03-26 12:39:14:loggedr
18-03-26 12:39:16:loggedr
18-03-26 12:39:18:loggedr
18-03-26 12:39:20:loggedr
18-03-26 12:39:22:loggedr
18-03-26 12:39:24:loggedr
18-03-26 12:39:26:loggedr
18-03-26 12:39:28:loggedr
18-03-26 12:39:30:loggedr
18-03-26 12:39:32:loggedr
18-03-26 12:39:34:loggedr
18-03-26 12:39:36:loggedr
18-03-26 12:39:38:loggedr
18-03-26 12:39:40:loggedr
18-03-26 12:39:42:loggedr
18-03-26 12:39:44:loggedr
18-03-26 12:39:46:loggedr
18-03-26 12:39:48:loggedr
18-03-26 12:39:50:loggedr
18-03-26 12:39:52:loggedr
18-03-26 12:39:54:loggedr
18-03-26 12:39:56:loggedr
18-03-26 12:39:58:loggedr
18-03-26 12:40:00:loggedr
18-03-26 12:40:02:loggedr
18-03-26 12:40:04:loggedr
18-03-26 12:40:06:loggedr
18-03-26 12:40:08:loggedr
18-03-26 12:40:10:loggedr
18-03-26 12:40:12:loggedr
18-03-26 12:40:14:loggedr
18-03-26 12:40:16:loggedr
18-03-26 12:40:18:loggedr
18-03-26 12:40:20:loggedr
18-03-26 12:40:22:loggedr
18-03-26 12:40:24:loggedr
18-03-26 12:40:26:loggedr
18-03-26 12:40:28:loggedr
18-03-26 12:40:30:loggedr
18-03-26 12:40:32:loggedr
18-03-26 12:40:34:loggedr
18-03-26 12:40:36:loggedr
18-03-26 12:40:38:loggedr
18-03-26 12:40:40:loggedr
18-03-26 12:40:42:loggedr
18-03-26 12:40:44:loggedr
18-03-26 12:40:46:loggedr
18-03-26 12:40:48:loggedr
18-03-26 12:40:50:loggedr
18-03-26 12:40:52:loggedr
18-03-26 12:40:54:loggedr
18-03-26 12:40:56:loggedr
18-03-26 12:40:58:loggedr
18-03-26 12:41:00:loggedr
18-03-26 12:41:02:loggedr
18-03-26 12:41:04:loggedr
18-03-26 12:41:06:loggedr
18-03-26 12:41:08:loggedr
18-03-26 12:41:10:loggedr
18-03-26 12:41:12:loggedr
18-03-26 12:41:14:loggedr
18-03-26 12:41:16:loggedr
18-03-26 12:41:18:loggedr
18-03-26 12:41:20:loggedr
18-03-26 12:41:22:loggedr
18-03-26 12:41:24:loggedr
18-03-26 12:41:26:loggedr
18-03-26 12:41:28:loggedr
18-03-26 12:41:30:loggedr
18-03-26 12:41:32:loggedr
18-03-26 12:41:34:loggedr
18-03-26 12:41:36:loggedr
18-03-26 12:41:38:loggedr
18-03-26 12:41:40:loggedr
18-03-26 12:41:42:loggedr
18-03-26 12:41:44:loggedr
18-03-26 12:41:46:loggedr
18-03-26 12:41:48:loggedr
18-03-26 12:41:50:loggedr
18-03-26 12:41:52:loggedr
18-03-26 12:41:54:loggedr
18-03-26 12:41:56:loggedr
18-03-26 12:41:58:loggedr
18-03-26 12:42:00:loggedr
18-03-26 12:42:02:loggedr
18-03-26 12:42:04:loggedr
18-03-26 12:42:06:loggedr
18-03-26 12:42:08:loggedr
18-03-26 12:42:10:loggedr
18-03-26 12:42:12:loggedr
18-03-26 12:42:14:loggedr
18-03-26 12:42:16:loggedr
18-03-26 12:42:18:loggedr
18-03-26 12:42:20:loggedr
18-03-26 12:42:22:loggedr
18-03-26 12:42:24:loggedr
18-03-26 12:42:26:loggedr
18-03-26 12:42:28:loggedr
18-03-26 12:42:30:loggedr
18-03-26 12:42:32:loggedr
18-03-26 12:42:34:loggedr
18-03-26 12:42:36:loggedr
18-03-26 12:42:38:loggedr
18-03-26 12:42:40:loggedr
18-03-26 12:42:42:loggedr
18-03-26 12:42:44:loggedr
18-03-26 12:42:46:loggedr
18-03-26 12:42:48:loggedr
18-03-26 12:42:50:loggedr
18-03-26 12:42:52:loggedr
18-03-26 12:42:54:loggedr
18-03-26 12:42:56:loggedr
18-03-26 12:42:58:loggedr
18-03-26 12:43:00:loggedr
18-03-26 12:43:02:loggedr
18-03-26 12:43:04:loggedr
18-03-26 12:43:06:loggedr
18-03-26 12:43:08:loggedr
18-03-26 12:43:10:loggedr
18-03-26 12:43:12:loggedr
18-03-26 12:43:14:loggedr
18-03-26 12:43:16:loggedr
18-03-26 12:43:18:loggedr
18-03-26 12:43:20:loggedr
18-03-26 12:43:22:loggedr
18-03-26 12:43:24:loggedr
18-03-26 12:43:26:loggedr
18-03-26 12:43:28:loggedr
18-03-26 12:43:30:loggedr
18-03-26 12:43:32:loggedr
18-03-26 12:43:34:loggedr
18-03-26 12:43:36:loggedr
18-03-26 12:43:38:loggedr
18-03-26 12:43:40:loggedr
18-03-26 12:43:42:loggedr
18-03-26 12:43:44:loggedr
18-03-26 12:43:46:loggedr
18-03-26 12:43:48:loggedr
18-03-26 12:43:50:loggedr
18-03-26 12:43:52:loggedr
18-03-26 12:43:54:loggedr
18-03-26 12:43:56:loggedr
18-03-26 12:43:58:loggedr
18-03-26 12:44:00:loggedr
18-03-26 12:44:02:loggedr
18-03-26 12:44:04:loggedr
18-03-26 12:44:06:loggedr
18-03-26 12:44:08:loggedr
18-03-26 12:44:10:loggedr
18-03-26 12:44:12:loggedr
18-03-26 12:44:14:loggedr
18-03-26 12:44:16:loggedr
18-03-26 12:44:18:loggedr
18-03-26 12:44:20:loggedr
18-03-26 12:44:22:loggedr
18-03-26 12:44:24:loggedr
18-03-26 12:44:26:loggedr
18-03-26 12:44:28:loggedr
18-03-26 12:44:30:loggedr
18-03-26 12:44:32:loggedr
18-03-26 12:44:34:loggedr
18-03-26 12:44:36:loggedr
18-03-26 12:44:38:loggedr
18-03-26 12:44:40:loggedr
18-03-26 12:44:42:loggedr
18-03-26 12:44:44:loggedr
18-03-26 12:44:46:loggedr
18-03-26 12:44:48:loggedr
18-03-26 12:44:50:loggedr
18-03-26 12:44:52:loggedr
18-03-26 12:44:54:loggedr
18-03-26 12:44:56:loggedr
18-03-26 12:44:58:loggedr
18-03-26 12:45:00:loggedr
18-03-26 12:45:02:loggedr
18-03-26 12:45:04:loggedr
18-03-26 12:45:06:loggedr
18-03-26 12:45:08:loggedr
18-03-26 12:45:10:loggedr
18-03-26 12:45:12:loggedr
18-03-26 12:45:14:loggedr
18-03-26 12:45:16:loggedr
18-03-26 12:45:18:loggedr
18-03-26 12:45:20:loggedr
18-03-26 12:45:22:loggedr
18-03-26 12:45:24:loggedr
18-03-26 12:45:26:loggedr
18-03-26 12:45:28:loggedr
18-03-26 12:45:30:loggedr
18-03-26 12:45:32:loggedr
18-03-26 12:45:34:loggedr
18-03-26 12:45:36:loggedr
18-03-26 12:45:38:loggedr
18-03-26 12:45:40:loggedr
18-03-26 12:45:42:loggedr
18-03-26 12:45:44:loggedr
18-03-26 12:45:46:loggedr
18-03-26 12:45:48:loggedr
18-03-26 12:45:50:loggedr
18-03-26 12:45:52:loggedr
18-03-26 12:45:54:loggedr
18-03-26 12:45:56:loggedr
18-03-26 12:45:58:loggedr
18-03-26 12:46:00:loggedr
18-03-26 12:46:02:loggedr
18-03-26 12:46:04:loggedr
18-03-26 12:46:06:loggedr
18-03-26 12:46:08:loggedr
18-03-26 12:46:10:loggedr
18-03-26 12:46:12:loggedr
18-03-26 12:46:14:loggedr
18-03-26 12:46:16:loggedr
18-03-26 12:46:18:loggedr
18-03-26 12:46:20:loggedr
18-03-26 12:46:22:loggedr
18-03-26 12:46:24:loggedr
18-03-26 12:46:26:loggedr
18-03-26 12:46:28:loggedr
18-03-26 12:46:30:loggedr
18-03-26 12:46:32:loggedr
18-03-26 12:46:34:loggedr
18-03-26 12:46:36:loggedr
18-03-26 12:46:38:loggedr
18-03-26 12:46:40:loggedr
18-03-26 12:46:42:loggedr
18-03-26 12:46:44:loggedr
18-03-26 12:46:46:loggedr
18-03-26 12:46:48:loggedr
18-03-26 12:46:50:loggedr
18-03-26 12:46:52:loggedr
18-03-26 12:46:54:loggedr
18-03-26 12:46:56:loggedr
18-03-26 12:46:58:loggedr
18-03-26 12:47:00:loggedr
18-03-26 12:47:02:loggedr
18-03-26 12:47:04:loggedr
18-03-26 12:47:06:loggedr
18-03-26 12:47:08:loggedr
18-03-26 12:47:10:loggedr
18-03-26 12:47:12:loggedr
18-03-26 12:47:14:loggedr
18-03-26 12:47:16:loggedr
18-03-26 12:47:18:loggedr
18-03-26 12:47:20:loggedr
18-03-26 12:47:22:loggedr
18-03-26 12:47:24:loggedr
18-03-26 12:47:26:loggedr
18-03-26 12:47:28:loggedr
18-03-26 12:47:30:loggedr
18-03-26 12:47:32:loggedr
18-03-26 12:47:34:loggedr
18-03-26 12:47:36:loggedr
18-03-26 12:47:38:loggedr
18-03-26 12:47:40:loggedr
18-03-26 12:47:42:loggedr
18-03-26 12:47:44:loggedr
18-03-26 12:47:46:loggedr
18-03-26 12:47:48:loggedr
18-03-26 12:47:50:loggedr
18-03-26 12:47:52:loggedr
18-03-26 12:47:54:loggedr
18-03-26 12:47:56:loggedr
18-03-26 12:47:58:loggedr
18-03-26 12:48:00:loggedr
18-03-26 12:48:02:loggedr
18-03-26 12:48:04:loggedr
18-03-26 12:48:06:loggedr
18-03-26 12:48:08:loggedr
18-03-26 12:48:10:loggedr
18-03-26 12:48:12:loggedr
18-03-26 12:48:14:loggedr
18-03-26 12:48:16:loggedr
18-03-26 12:48:18:loggedr
18-03-26 12:48:20:loggedr
18-03-26 12:48:22:loggedr
18-03-26 12:48:24:loggedr
18-03-26 12:48:26:loggedr
18-03-26 12:48:28:loggedr
18-03-26 12:48:30:loggedr
18-03-26 12:48:32:loggedr
18-03-26 12:48:34:loggedr
18-03-26 12:48:36:loggedr
18-03-26 12:48:38:loggedr
18-03-26 12:48:40:loggedr
18-03-26 12:48:42:loggedr
18-03-26 12:48:44:loggedr
18-03-26 12:48:46:loggedr
18-03-26 12:48:48:loggedr
18-03-26 12:48:50:loggedr
18-03-26 12:48:52:loggedr
18-03-26 12:48:54:loggedr
18-03-26 12:48:56:loggedr
18-03-26 12:48:58:loggedr
18-03-26 12:49:00:loggedr
18-03-26 12:49:02:loggedr
18-03-26 12:49:04:loggedr
18-03-26 12:49:06:loggedr
18-03-26 12:49:08:loggedr
18-03-26 12:49:10:loggedr
18-03-26 12:49:12:loggedr
18-03-26 12:49:14:loggedr
18-03-26 12:49:16:loggedr
18-03-26 12:49:18:loggedr
18-03-26 12:49:20:loggedr
18-03-26 12:49:22:loggedr
18-03-26 12:49:24:loggedr
18-03-26 12:49:26:loggedr
18-03-26 12:49:28:loggedr
18-03-26 12:49:30:loggedr
18-03-26 12:49:32:loggedr
18-03-26 12:49:34:loggedr
18-03-26 12:49:36:loggedr
18-03-26 12:49:38:loggedr
18-03-26 12:49:40:loggedr
18-03-26 12:49:42:loggedr
18-03-26 12:49:44:loggedr
18-03-26 12:49:46:loggedr
18-03-26 12:49:48:loggedr
18-03-26 12:49:50:loggedr
18-03-26 12:49:52:loggedr
18-03-26 12:49:54:loggedr
18-03-26 12:49:56:loggedr
18-03-26 12:49:58:loggedr
18-03-26 12:50:00:loggedr
18-03-26 12:50:02:loggedr
18-03-26 12:50:04:loggedr
18-03-26 12:50:06:loggedr
18-03-26 12:50:08:loggedr
18-03-26 12:50:10:loggedr
18-03-26 12:50:12:loggedr
18-03-26 12:50:14:loggedr
18-03-26 12:50:16:loggedr
18-03-26 12:50:18:loggedr
18-03-26 12:50:20:loggedr
18-03-26 12:50:22:loggedr
18-03-26 12:50:24:loggedr
18-03-26 12:50:26:loggedr
18-03-26 12:50:28:loggedr
18-03-26 12:50:30:loggedr
18-03-26 12:50:32:loggedr
18-03-26 12:50:34:loggedr
18-03-26 12:50:36:loggedr
18-03-26 12:50:38:loggedr
18-03-26 12:50:40:loggedr
18-03-26 12:50:42:loggedr
18-03-26 12:50:44:loggedr
18-03-26 12:50:46:loggedr
18-03-26 12:50:48:loggedr
18-03-26 12:50:50:loggedr
18-03-26 12:50:52:loggedr
18-03-26 12:50:54:loggedr
18-03-26 12:50:56:loggedr
18-03-26 12:50:58:loggedr
18-03-26 12:51:00:loggedr
18-03-26 12:51:02:loggedr
18-03-26 12:51:04:loggedr
18-03-26 12:51:06:loggedr
18-03-26 12:51:08:loggedr
18-03-26 12:51:10:loggedr
18-03-26 12:51:12:loggedr
18-03-26 12:51:14:loggedr
18-03-26 12:51:16:loggedr
18-03-26 12:51:18:loggedr
18-03-26 12:51:20:loggedr
18-03-26 12:51:22:loggedr
18-03-26 12:51:24:loggedr
18-03-26 12:51:26:loggedr
18-03-26 12:51:28:loggedr
18-03-26 12:51:30:loggedr
18-03-26 12:51:32:loggedr
18-03-26 12:51:34:loggedr
18-03-26 12:51:36:loggedr
18-03-26 12:51:38:loggedr
18-03-26 12:51:40:loggedr
18-03-26 12:51:42:loggedr
18-03-26 12:51:44:loggedr
18-03-26 12:51:46:loggedr
18-03-26 12:51:48:loggedr
18-03-26 12:51:50:loggedr
18-03-26 12:51:52:loggedr
18-03-26 12:51:54:loggedr
18-03-26 12:51:56:loggedr
18-03-26 12:51:58:loggedr
18-03-26 12:52:00:loggedr
18-03-26 12:52:02:loggedr
18-03-26 12:52:04:loggedr
18-03-26 12:52:06:loggedr
18-03-26 12:52:08:loggedr
18-03-26 12:52:10:loggedr
18-03-26 12:52:12:loggedr
18-03-26 12:52:14:loggedr
18-03-26 12:52:16:loggedr
18-03-26 12:52:18:loggedr
18-03-26 12:52:20:loggedr
18-03-26 12:52:22:loggedr
18-03-26 12:52:24:loggedr
18-03-26 12:52:26:loggedr
18-03-26 12:52:28:loggedr
18-03-26 12:52:30:loggedr
18-03-26 12:52:32:loggedr
18-03-26 12:52:34:loggedr
18-03-26 12:52:36:loggedr
18-03-26 12:52:38:loggedr
18-03-26 12:52:40:loggedr
18-03-26 12:52:42:loggedr
18-03-26 12:52:44:loggedr
18-03-26 12:52:46:loggedr
18-03-26 12:52:48:loggedr
18-03-26 12:52:50:loggedr
18-03-26 12:52:52:loggedr
18-03-26 12:52:54:loggedr
18-03-26 12:52:56:loggedr
18-03-26 12:52:58:loggedr
18-03-26 12:53:00:loggedr
18-03-26 12:53:02:loggedr
18-03-26 12:53:04:loggedr
18-03-26 12:53:06:loggedr
18-03-26 12:53:08:loggedr
18-03-26 12:53:10:loggedr
18-03-26 12:53:12:loggedr
18-03-26 12:53:14:loggedr
18-03-26 12:53:16:loggedr
18-03-26 12:53:18:loggedr
18-03-26 12:53:20:loggedr
18-03-26 12:53:22:loggedr
18-03-26 12:53:24:loggedr
18-03-26 12:53:26:loggedr
18-03-26 12:53:28:loggedr
18-03-26 12:53:30:loggedr
18-03-26 12:53:32:loggedr
18-03-26 12:53:34:loggedr
18-03-26 12:53:36:loggedr
18-03-26 12:53:38:loggedr
18-03-26 12:53:40:loggedr
18-03-26 12:53:42:loggedr
18-03-26 12:53:44:loggedr
18-03-26 12:53:46:loggedr
18-03-26 12:53:48:loggedr
18-03-26 12:53:50:loggedr
18-03-26 12:53:52:loggedr
18-03-26 12:53:54:loggedr
18-03-26 12:53:56:loggedr
18-03-26 12:53:58:loggedr
18-03-26 12:54:00:loggedr
18-03-26 12:54:02:loggedr
18-03-26 12:54:04:loggedr
18-03-26 12:54:06:loggedr
18-03-26 12:54:08:loggedr
18-03-26 12:54:10:loggedr
18-03-26 12:54:12:loggedr
18-03-26 12:54:14:loggedr
18-03-26 12:54:16:loggedr
18-03-26 12:54:18:loggedr
18-03-26 12:54:20:loggedr
18-03-26 12:54:22:loggedr
18-03-26 12:54:24:loggedr
18-03-26 12:54:26:loggedr
18-03-26 12:54:28:loggedr
18-03-26 12:54:30:loggedr
18-03-26 12:54:32:loggedr
18-03-26 12:54:34:loggedr
18-03-26 12:54:36:loggedr
18-03-26 12:54:38:loggedr
18-03-26 12:54:40:loggedr
18-03-26 12:54:42:loggedr
18-03-26 12:54:44:loggedr
18-03-26 12:54:46:loggedr
18-03-26 12:54:48:loggedr
18-03-26 12:54:50:loggedr
18-03-26 12:54:52:loggedr
18-03-26 12:54:54:loggedr
18-03-26 12:54:56:loggedr
18-03-26 12:54:58:loggedr
18-03-26 12:55:00:loggedr
18-03-26 12:55:02:loggedr
18-03-26 12:55:04:loggedr
18-03-26 12:55:06:loggedr
18-03-26 12:55:08:loggedr
18-03-26 12:55:10:loggedr
18-03-26 12:55:12:loggedr
18-03-26 12:55:14:loggedr
18-03-26 12:55:16:loggedr
18-03-26 12:55:18:loggedr
18-03-26 12:55:20:loggedr
18-03-26 12:55:22:loggedr
18-03-26 12:55:24:loggedr
18-03-26 12:55:26:loggedr
18-03-26 12:55:28:loggedr
18-03-26 12:55:30:loggedr
18-03-26 12:55:32:loggedr
18-03-26 12:55:34:loggedr
18-03-26 12:55:36:loggedr
18-03-26 12:55:38:loggedr
18-03-26 12:55:40:loggedr
18-03-26 12:55:42:loggedr
18-03-26 12:55:44:loggedr
18-03-26 12:55:46:loggedr
18-03-26 12:55:48:loggedr
18-03-26 12:55:50:loggedr
18-03-26 12:55:52:loggedr
18-03-26 12:55:54:loggedr
18-03-26 12:55:56:loggedr
18-03-26 12:55:58:loggedr
18-03-26 12:56:00:loggedr
18-03-26 12:56:02:loggedr
18-03-26 12:56:04:loggedr
18-03-26 12:56:06:loggedr
18-03-26 12:56:08:loggedr
18-03-26 12:56:10:loggedr
18-03-26 12:56:12:loggedr
18-03-26 12:56:14:loggedr
18-03-26 12:56:16:loggedr
18-03-26 12:56:18:loggedr
18-03-26 12:56:20:loggedr
18-03-26 12:56:22:loggedr
18-03-26 12:56:24:loggedr
18-03-26 12:56:26:loggedr
18-03-26 12:56:28:loggedr
18-03-26 12:56:30:loggedr
18-03-26 12:56:32:loggedr
18-03-26 12:56:34:loggedr
18-03-26 12:56:36:loggedr
18-03-26 12:56:38:loggedr
18-03-26 12:56:40:loggedr
18-03-26 12:56:42:loggedr
18-03-26 12:56:44:loggedr
18-03-26 12:56:46:loggedr
18-03-26 12:56:48:loggedr
18-03-26 12:56:50:loggedr
18-03-26 12:56:52:loggedr
18-03-26 12:56:54:loggedr
18-03-26 12:56:56:loggedr
18-03-26 12:56:58:loggedr
18-03-26 12:57:00:loggedr
18-03-26 12:57:02:loggedr
18-03-26 12:57:04:loggedr
18-03-26 12:57:06:loggedr
18-03-26 12:57:08:loggedr
18-03-26 12:57:10:loggedr
18-03-26 12:57:12:loggedr
18-03-26 12:57:14:loggedr
18-03-26 12:57:16:loggedr
18-03-26 12:57:18:loggedr
18-03-26 12:57:20:loggedr
18-03-26 12:57:22:loggedr
18-03-26 12:57:24:loggedr
18-03-26 12:57:26:loggedr
18-03-26 12:57:28:loggedr
18-03-26 12:57:30:loggedr
18-03-26 12:57:32:loggedr
18-03-26 12:57:34:loggedr
18-03-26 12:57:36:loggedr
18-03-26 12:57:38:loggedr
18-03-26 12:57:40:loggedr
18-03-26 12:57:42:loggedr
18-03-26 12:57:44:loggedr
18-03-26 12:57:46:loggedr
18-03-26 12:57:48:loggedr
18-03-26 12:57:50:loggedr
18-03-26 12:57:52:loggedr
18-03-26 12:57:54:loggedr
18-03-26 12:57:56:loggedr
18-03-26 12:57:58:loggedr
18-03-26 12:58:00:loggedr
18-03-26 12:58:02:loggedr
18-03-26 12:58:04:loggedr
18-03-26 12:58:06:loggedr
18-03-26 12:58:08:loggedr
18-03-26 12:58:10:loggedr
18-03-26 12:58:12:loggedr
18-03-26 12:58:14:loggedr
18-03-26 12:58:16:loggedr
18-03-26 12:58:18:loggedr
18-03-26 12:58:20:loggedr
18-03-26 12:58:22:loggedr
18-03-26 12:58:24:loggedr
18-03-26 12:58:26:loggedr
18-03-26 12:58:28:loggedr
18-03-26 12:58:30:loggedr
18-03-26 12:58:32:loggedr
18-03-26 12:58:34:loggedr
18-03-26 12:58:36:loggedr
18-03-26 12:58:38:loggedr
18-03-26 12:58:40:loggedr
18-03-26 12:58:42:loggedr
18-03-26 12:58:44:loggedr
18-03-26 12:58:46:loggedr
18-03-26 12:58:48:loggedr
18-03-26 12:58:50:loggedr
18-03-26 12:58:52:loggedr
18-03-26 12:58:54:loggedr
18-03-26 12:58:56:loggedr
18-03-26 12:58:58:loggedr
18-03-26 12:59:00:loggedr
18-03-26 12:59:02:loggedr
18-03-26 12:59:04:loggedr
18-03-26 12:59:06:loggedr
18-03-26 12:59:08:loggedr
18-03-26 12:59:10:loggedr
18-03-26 12:59:12:loggedr
